Timing Analyzer report for SPI_Choque
Thu Jul 20 11:27:14 2023
Quartus Prime Version 18.1.0 Build 625 09/12/2018 SJ Lite Edition


---------------------
; Table of Contents ;
---------------------
  1. Legal Notice
  2. Timing Analyzer Summary
  3. Parallel Compilation
  4. Clocks
  5. Slow 1200mV 85C Model Fmax Summary
  6. Slow 1200mV 85C Model Setup Summary
  7. Slow 1200mV 85C Model Hold Summary
  8. Slow 1200mV 85C Model Recovery Summary
  9. Slow 1200mV 85C Model Removal Summary
 10. Slow 1200mV 85C Model Minimum Pulse Width Summary
 11. Slow 1200mV 85C Model Metastability Summary
 12. Slow 1200mV 0C Model Fmax Summary
 13. Slow 1200mV 0C Model Setup Summary
 14. Slow 1200mV 0C Model Hold Summary
 15. Slow 1200mV 0C Model Recovery Summary
 16. Slow 1200mV 0C Model Removal Summary
 17. Slow 1200mV 0C Model Minimum Pulse Width Summary
 18. Slow 1200mV 0C Model Metastability Summary
 19. Fast 1200mV 0C Model Setup Summary
 20. Fast 1200mV 0C Model Hold Summary
 21. Fast 1200mV 0C Model Recovery Summary
 22. Fast 1200mV 0C Model Removal Summary
 23. Fast 1200mV 0C Model Minimum Pulse Width Summary
 24. Fast 1200mV 0C Model Metastability Summary
 25. Multicorner Timing Analysis Summary
 26. Board Trace Model Assignments
 27. Input Transition Times
 28. Signal Integrity Metrics (Slow 1200mv 0c Model)
 29. Signal Integrity Metrics (Slow 1200mv 85c Model)
 30. Signal Integrity Metrics (Fast 1200mv 0c Model)
 31. Setup Transfers
 32. Hold Transfers
 33. Report TCCS
 34. Report RSKM
 35. Unconstrained Paths Summary
 36. Clock Status Summary
 37. Unconstrained Input Ports
 38. Unconstrained Output Ports
 39. Unconstrained Input Ports
 40. Unconstrained Output Ports
 41. Timing Analyzer Messages



----------------
; Legal Notice ;
----------------
Copyright (C) 2018  Intel Corporation. All rights reserved.
Your use of Intel Corporation's design tools, logic functions 
and other software and tools, and its AMPP partner logic 
functions, and any output files from any of the foregoing 
(including device programming or simulation files), and any 
associated documentation or information are expressly subject 
to the terms and conditions of the Intel Program License 
Subscription Agreement, the Intel Quartus Prime License Agreement,
the Intel FPGA IP License Agreement, or other applicable license
agreement, including, without limitation, that your use is for
the sole purpose of programming logic devices manufactured by
Intel and sold by Intel or its authorized distributors.  Please
refer to the applicable agreement for further details.



+-----------------------------------------------------------------------------+
; Timing Analyzer Summary                                                     ;
+-----------------------+-----------------------------------------------------+
; Quartus Prime Version ; Version 18.1.0 Build 625 09/12/2018 SJ Lite Edition ;
; Timing Analyzer       ; Legacy Timing Analyzer                              ;
; Revision Name         ; SPI_Choque                                          ;
; Device Family         ; MAX 10                                              ;
; Device Name           ; 10M50DAF484C7G                                      ;
; Timing Models         ; Final                                               ;
; Delay Model           ; Combined                                            ;
; Rise/Fall Delays      ; Enabled                                             ;
+-----------------------+-----------------------------------------------------+


+------------------------------------------+
; Parallel Compilation                     ;
+----------------------------+-------------+
; Processors                 ; Number      ;
+----------------------------+-------------+
; Number detected on machine ; 4           ;
; Maximum allowed            ; 4           ;
;                            ;             ;
; Average used               ; 1.05        ;
; Maximum used               ; 4           ;
;                            ;             ;
; Usage by Processor         ; % Time Used ;
;     Processor 1            ; 100.0%      ;
;     Processor 2            ;   1.7%      ;
;     Processors 3-4         ;   1.7%      ;
+----------------------------+-------------+


+----------------------------------------------------------------------------------------------------------------------------------------------------------------------------------------------------------------------------------+
; Clocks                                                                                                                                                                                                                           ;
+---------------------------------+------+--------+------------+-------+-------+------------+-----------+-------------+-------+--------+-----------+------------+----------+--------+--------+-------------------------------------+
; Clock Name                      ; Type ; Period ; Frequency  ; Rise  ; Fall  ; Duty Cycle ; Divide by ; Multiply by ; Phase ; Offset ; Edge List ; Edge Shift ; Inverted ; Master ; Source ; Targets                             ;
+---------------------------------+------+--------+------------+-------+-------+------------+-----------+-------------+-------+--------+-----------+------------+----------+--------+--------+-------------------------------------+
; clk                             ; Base ; 1.000  ; 1000.0 MHz ; 0.000 ; 0.500 ;            ;           ;             ;       ;        ;           ;            ;          ;        ;        ; { clk }                             ;
; divisor_frecuencia:DIVF|clk_out ; Base ; 1.000  ; 1000.0 MHz ; 0.000 ; 0.500 ;            ;           ;             ;       ;        ;           ;            ;          ;        ;        ; { divisor_frecuencia:DIVF|clk_out } ;
; muestreador:REQUESTREAD|clk_out ; Base ; 1.000  ; 1000.0 MHz ; 0.000 ; 0.500 ;            ;           ;             ;       ;        ;           ;            ;          ;        ;        ; { muestreador:REQUESTREAD|clk_out } ;
; SPI_FSM:FSM|pr_state.b0         ; Base ; 1.000  ; 1000.0 MHz ; 0.000 ; 0.500 ;            ;           ;             ;       ;        ;           ;            ;          ;        ;        ; { SPI_FSM:FSM|pr_state.b0 }         ;
; SPI_FSM:FSM|pr_state.b1         ; Base ; 1.000  ; 1000.0 MHz ; 0.000 ; 0.500 ;            ;           ;             ;       ;        ;           ;            ;          ;        ;        ; { SPI_FSM:FSM|pr_state.b1 }         ;
; SPI_FSM:FSM|pr_state.b2         ; Base ; 1.000  ; 1000.0 MHz ; 0.000 ; 0.500 ;            ;           ;             ;       ;        ;           ;            ;          ;        ;        ; { SPI_FSM:FSM|pr_state.b2 }         ;
; SPI_FSM:FSM|pr_state.b3         ; Base ; 1.000  ; 1000.0 MHz ; 0.000 ; 0.500 ;            ;           ;             ;       ;        ;           ;            ;          ;        ;        ; { SPI_FSM:FSM|pr_state.b3 }         ;
; SPI_FSM:FSM|pr_state.b4         ; Base ; 1.000  ; 1000.0 MHz ; 0.000 ; 0.500 ;            ;           ;             ;       ;        ;           ;            ;          ;        ;        ; { SPI_FSM:FSM|pr_state.b4 }         ;
; SPI_FSM:FSM|pr_state.b5         ; Base ; 1.000  ; 1000.0 MHz ; 0.000 ; 0.500 ;            ;           ;             ;       ;        ;           ;            ;          ;        ;        ; { SPI_FSM:FSM|pr_state.b5 }         ;
; SPI_FSM:FSM|pr_state.b6         ; Base ; 1.000  ; 1000.0 MHz ; 0.000 ; 0.500 ;            ;           ;             ;       ;        ;           ;            ;          ;        ;        ; { SPI_FSM:FSM|pr_state.b6 }         ;
; SPI_FSM:FSM|pr_state.fintx      ; Base ; 1.000  ; 1000.0 MHz ; 0.000 ; 0.500 ;            ;           ;             ;       ;        ;           ;            ;          ;        ;        ; { SPI_FSM:FSM|pr_state.fintx }      ;
; SPI_FSM:FSM|pr_state.idle       ; Base ; 1.000  ; 1000.0 MHz ; 0.000 ; 0.500 ;            ;           ;             ;       ;        ;           ;            ;          ;        ;        ; { SPI_FSM:FSM|pr_state.idle }       ;
+---------------------------------+------+--------+------------+-------+-------+------------+-----------+-------------+-------+--------+-----------+------------+----------+--------+--------+-------------------------------------+


+-------------------------------------------------+
; Slow 1200mV 85C Model Fmax Summary              ;
+-----------+-----------------+------------+------+
; Fmax      ; Restricted Fmax ; Clock Name ; Note ;
+-----------+-----------------+------------+------+
; 187.3 MHz ; 187.3 MHz       ; clk        ;      ;
+-----------+-----------------+------------+------+
This panel reports FMAX for every clock in the design, regardless of the user-specified clock periods.  FMAX is only computed for paths where the source and destination registers or ports are driven by the same clock.  Paths of different clocks, including generated clocks, are ignored.  For paths between a clock and its inversion, FMAX is computed as if the rising and falling edges are scaled along with FMAX, such that the duty cycle (in terms of a percentage) is maintained. Altera recommends that you always use clock constraints and other slack reports for sign-off analysis.


+----------------------------------------------------------+
; Slow 1200mV 85C Model Setup Summary                      ;
+---------------------------------+--------+---------------+
; Clock                           ; Slack  ; End Point TNS ;
+---------------------------------+--------+---------------+
; clk                             ; -4.339 ; -65.628       ;
; SPI_FSM:FSM|pr_state.fintx      ; -2.886 ; -23.140       ;
; divisor_frecuencia:DIVF|clk_out ; -1.556 ; -9.451        ;
; SPI_FSM:FSM|pr_state.idle       ; -1.126 ; -1.126        ;
+---------------------------------+--------+---------------+


+---------------------------------------------------------+
; Slow 1200mV 85C Model Hold Summary                      ;
+---------------------------------+-------+---------------+
; Clock                           ; Slack ; End Point TNS ;
+---------------------------------+-------+---------------+
; clk                             ; 0.356 ; 0.000         ;
; SPI_FSM:FSM|pr_state.idle       ; 0.638 ; 0.000         ;
; divisor_frecuencia:DIVF|clk_out ; 0.697 ; 0.000         ;
; SPI_FSM:FSM|pr_state.fintx      ; 1.437 ; 0.000         ;
+---------------------------------+-------+---------------+


------------------------------------------
; Slow 1200mV 85C Model Recovery Summary ;
------------------------------------------
No paths to report.


-----------------------------------------
; Slow 1200mV 85C Model Removal Summary ;
-----------------------------------------
No paths to report.


+----------------------------------------------------------+
; Slow 1200mV 85C Model Minimum Pulse Width Summary        ;
+---------------------------------+--------+---------------+
; Clock                           ; Slack  ; End Point TNS ;
+---------------------------------+--------+---------------+
; clk                             ; -3.000 ; -47.896       ;
; divisor_frecuencia:DIVF|clk_out ; -1.403 ; -12.627       ;
; SPI_FSM:FSM|pr_state.fintx      ; 0.353  ; 0.000         ;
; muestreador:REQUESTREAD|clk_out ; 0.382  ; 0.000         ;
; SPI_FSM:FSM|pr_state.idle       ; 0.409  ; 0.000         ;
; SPI_FSM:FSM|pr_state.b2         ; 0.416  ; 0.000         ;
; SPI_FSM:FSM|pr_state.b5         ; 0.426  ; 0.000         ;
; SPI_FSM:FSM|pr_state.b6         ; 0.426  ; 0.000         ;
; SPI_FSM:FSM|pr_state.b0         ; 0.479  ; 0.000         ;
; SPI_FSM:FSM|pr_state.b1         ; 0.479  ; 0.000         ;
; SPI_FSM:FSM|pr_state.b3         ; 0.479  ; 0.000         ;
; SPI_FSM:FSM|pr_state.b4         ; 0.479  ; 0.000         ;
+---------------------------------+--------+---------------+


-----------------------------------------------
; Slow 1200mV 85C Model Metastability Summary ;
-----------------------------------------------
No synchronizer chains to report.


+-------------------------------------------------+
; Slow 1200mV 0C Model Fmax Summary               ;
+-----------+-----------------+------------+------+
; Fmax      ; Restricted Fmax ; Clock Name ; Note ;
+-----------+-----------------+------------+------+
; 200.4 MHz ; 200.4 MHz       ; clk        ;      ;
+-----------+-----------------+------------+------+
This panel reports FMAX for every clock in the design, regardless of the user-specified clock periods.  FMAX is only computed for paths where the source and destination registers or ports are driven by the same clock.  Paths of different clocks, including generated clocks, are ignored.  For paths between a clock and its inversion, FMAX is computed as if the rising and falling edges are scaled along with FMAX, such that the duty cycle (in terms of a percentage) is maintained. Altera recommends that you always use clock constraints and other slack reports for sign-off analysis.


+----------------------------------------------------------+
; Slow 1200mV 0C Model Setup Summary                       ;
+---------------------------------+--------+---------------+
; Clock                           ; Slack  ; End Point TNS ;
+---------------------------------+--------+---------------+
; clk                             ; -3.990 ; -57.646       ;
; SPI_FSM:FSM|pr_state.fintx      ; -2.592 ; -21.237       ;
; divisor_frecuencia:DIVF|clk_out ; -1.538 ; -9.624        ;
; SPI_FSM:FSM|pr_state.idle       ; -0.938 ; -0.938        ;
+---------------------------------+--------+---------------+


+---------------------------------------------------------+
; Slow 1200mV 0C Model Hold Summary                       ;
+---------------------------------+-------+---------------+
; Clock                           ; Slack ; End Point TNS ;
+---------------------------------+-------+---------------+
; clk                             ; 0.321 ; 0.000         ;
; divisor_frecuencia:DIVF|clk_out ; 0.594 ; 0.000         ;
; SPI_FSM:FSM|pr_state.idle       ; 0.597 ; 0.000         ;
; SPI_FSM:FSM|pr_state.fintx      ; 1.264 ; 0.000         ;
+---------------------------------+-------+---------------+


-----------------------------------------
; Slow 1200mV 0C Model Recovery Summary ;
-----------------------------------------
No paths to report.


----------------------------------------
; Slow 1200mV 0C Model Removal Summary ;
----------------------------------------
No paths to report.


+----------------------------------------------------------+
; Slow 1200mV 0C Model Minimum Pulse Width Summary         ;
+---------------------------------+--------+---------------+
; Clock                           ; Slack  ; End Point TNS ;
+---------------------------------+--------+---------------+
; clk                             ; -3.000 ; -47.896       ;
; divisor_frecuencia:DIVF|clk_out ; -1.403 ; -12.627       ;
; SPI_FSM:FSM|pr_state.fintx      ; 0.396  ; 0.000         ;
; muestreador:REQUESTREAD|clk_out ; 0.401  ; 0.000         ;
; SPI_FSM:FSM|pr_state.b2         ; 0.421  ; 0.000         ;
; SPI_FSM:FSM|pr_state.idle       ; 0.423  ; 0.000         ;
; SPI_FSM:FSM|pr_state.b5         ; 0.435  ; 0.000         ;
; SPI_FSM:FSM|pr_state.b6         ; 0.435  ; 0.000         ;
; SPI_FSM:FSM|pr_state.b0         ; 0.475  ; 0.000         ;
; SPI_FSM:FSM|pr_state.b1         ; 0.475  ; 0.000         ;
; SPI_FSM:FSM|pr_state.b3         ; 0.475  ; 0.000         ;
; SPI_FSM:FSM|pr_state.b4         ; 0.475  ; 0.000         ;
+---------------------------------+--------+---------------+


----------------------------------------------
; Slow 1200mV 0C Model Metastability Summary ;
----------------------------------------------
No synchronizer chains to report.


+----------------------------------------------------------+
; Fast 1200mV 0C Model Setup Summary                       ;
+---------------------------------+--------+---------------+
; Clock                           ; Slack  ; End Point TNS ;
+---------------------------------+--------+---------------+
; clk                             ; -1.436 ; -10.616       ;
; SPI_FSM:FSM|pr_state.fintx      ; -1.091 ; -6.243        ;
; divisor_frecuencia:DIVF|clk_out ; -0.385 ; -0.500        ;
; SPI_FSM:FSM|pr_state.idle       ; -0.236 ; -0.236        ;
+---------------------------------+--------+---------------+


+---------------------------------------------------------+
; Fast 1200mV 0C Model Hold Summary                       ;
+---------------------------------+-------+---------------+
; Clock                           ; Slack ; End Point TNS ;
+---------------------------------+-------+---------------+
; clk                             ; 0.152 ; 0.000         ;
; SPI_FSM:FSM|pr_state.idle       ; 0.263 ; 0.000         ;
; divisor_frecuencia:DIVF|clk_out ; 0.281 ; 0.000         ;
; SPI_FSM:FSM|pr_state.fintx      ; 0.397 ; 0.000         ;
+---------------------------------+-------+---------------+


-----------------------------------------
; Fast 1200mV 0C Model Recovery Summary ;
-----------------------------------------
No paths to report.


----------------------------------------
; Fast 1200mV 0C Model Removal Summary ;
----------------------------------------
No paths to report.


+----------------------------------------------------------+
; Fast 1200mV 0C Model Minimum Pulse Width Summary         ;
+---------------------------------+--------+---------------+
; Clock                           ; Slack  ; End Point TNS ;
+---------------------------------+--------+---------------+
; clk                             ; -3.000 ; -36.011       ;
; divisor_frecuencia:DIVF|clk_out ; -1.000 ; -9.000        ;
; SPI_FSM:FSM|pr_state.fintx      ; 0.361  ; 0.000         ;
; muestreador:REQUESTREAD|clk_out ; 0.439  ; 0.000         ;
; SPI_FSM:FSM|pr_state.idle       ; 0.442  ; 0.000         ;
; SPI_FSM:FSM|pr_state.b2         ; 0.461  ; 0.000         ;
; SPI_FSM:FSM|pr_state.b5         ; 0.466  ; 0.000         ;
; SPI_FSM:FSM|pr_state.b6         ; 0.466  ; 0.000         ;
; SPI_FSM:FSM|pr_state.b0         ; 0.497  ; 0.000         ;
; SPI_FSM:FSM|pr_state.b1         ; 0.497  ; 0.000         ;
; SPI_FSM:FSM|pr_state.b3         ; 0.497  ; 0.000         ;
; SPI_FSM:FSM|pr_state.b4         ; 0.497  ; 0.000         ;
+---------------------------------+--------+---------------+


----------------------------------------------
; Fast 1200mV 0C Model Metastability Summary ;
----------------------------------------------
No synchronizer chains to report.


+-----------------------------------------------------------------------------------------------+
; Multicorner Timing Analysis Summary                                                           ;
+----------------------------------+---------+-------+----------+---------+---------------------+
; Clock                            ; Setup   ; Hold  ; Recovery ; Removal ; Minimum Pulse Width ;
+----------------------------------+---------+-------+----------+---------+---------------------+
; Worst-case Slack                 ; -4.339  ; 0.152 ; N/A      ; N/A     ; -3.000              ;
;  SPI_FSM:FSM|pr_state.b0         ; N/A     ; N/A   ; N/A      ; N/A     ; 0.475               ;
;  SPI_FSM:FSM|pr_state.b1         ; N/A     ; N/A   ; N/A      ; N/A     ; 0.475               ;
;  SPI_FSM:FSM|pr_state.b2         ; N/A     ; N/A   ; N/A      ; N/A     ; 0.416               ;
;  SPI_FSM:FSM|pr_state.b3         ; N/A     ; N/A   ; N/A      ; N/A     ; 0.475               ;
;  SPI_FSM:FSM|pr_state.b4         ; N/A     ; N/A   ; N/A      ; N/A     ; 0.475               ;
;  SPI_FSM:FSM|pr_state.b5         ; N/A     ; N/A   ; N/A      ; N/A     ; 0.426               ;
;  SPI_FSM:FSM|pr_state.b6         ; N/A     ; N/A   ; N/A      ; N/A     ; 0.426               ;
;  SPI_FSM:FSM|pr_state.fintx      ; -2.886  ; 0.397 ; N/A      ; N/A     ; 0.353               ;
;  SPI_FSM:FSM|pr_state.idle       ; -1.126  ; 0.263 ; N/A      ; N/A     ; 0.409               ;
;  clk                             ; -4.339  ; 0.152 ; N/A      ; N/A     ; -3.000              ;
;  divisor_frecuencia:DIVF|clk_out ; -1.556  ; 0.281 ; N/A      ; N/A     ; -1.403              ;
;  muestreador:REQUESTREAD|clk_out ; N/A     ; N/A   ; N/A      ; N/A     ; 0.382               ;
; Design-wide TNS                  ; -99.345 ; 0.0   ; 0.0      ; 0.0     ; -60.523             ;
;  SPI_FSM:FSM|pr_state.b0         ; N/A     ; N/A   ; N/A      ; N/A     ; 0.000               ;
;  SPI_FSM:FSM|pr_state.b1         ; N/A     ; N/A   ; N/A      ; N/A     ; 0.000               ;
;  SPI_FSM:FSM|pr_state.b2         ; N/A     ; N/A   ; N/A      ; N/A     ; 0.000               ;
;  SPI_FSM:FSM|pr_state.b3         ; N/A     ; N/A   ; N/A      ; N/A     ; 0.000               ;
;  SPI_FSM:FSM|pr_state.b4         ; N/A     ; N/A   ; N/A      ; N/A     ; 0.000               ;
;  SPI_FSM:FSM|pr_state.b5         ; N/A     ; N/A   ; N/A      ; N/A     ; 0.000               ;
;  SPI_FSM:FSM|pr_state.b6         ; N/A     ; N/A   ; N/A      ; N/A     ; 0.000               ;
;  SPI_FSM:FSM|pr_state.fintx      ; -23.140 ; 0.000 ; N/A      ; N/A     ; 0.000               ;
;  SPI_FSM:FSM|pr_state.idle       ; -1.126  ; 0.000 ; N/A      ; N/A     ; 0.000               ;
;  clk                             ; -65.628 ; 0.000 ; N/A      ; N/A     ; -47.896             ;
;  divisor_frecuencia:DIVF|clk_out ; -9.624  ; 0.000 ; N/A      ; N/A     ; -12.627             ;
;  muestreador:REQUESTREAD|clk_out ; N/A     ; N/A   ; N/A      ; N/A     ; 0.000               ;
+----------------------------------+---------+-------+----------+---------+---------------------+


+-----------------------------------------------------------------------------------------------------------------------------------------------------------------------------------------------------------------------------------------------------------------------------------------------------------------------------------------------------------------------------------------------------------------+
; Board Trace Model Assignments                                                                                                                                                                                                                                                                                                                                                                                   ;
+--------------+--------------+-------------------+-------------------------+-------------------------+---------------+---------------------+----------------+------------------+--------+------------------+------------------------+------------------------+--------------+---------------+-----------------+-------+---------------------+--------------------+---------------+-----------------+-------------+
; Pin          ; I/O Standard ; Near Tline Length ; Near Tline L per Length ; Near Tline C per Length ; Near Series R ; Near Differential R ; Near Pull-up R ; Near Pull-down R ; Near C ; Far Tline Length ; Far Tline L per Length ; Far Tline C per Length ; Far Series R ; Far Pull-up R ; Far Pull-down R ; Far C ; Termination Voltage ; Far Differential R ; EBD File Name ; EBD Signal Name ; EBD Far-end ;
+--------------+--------------+-------------------+-------------------------+-------------------------+---------------+---------------------+----------------+------------------+--------+------------------+------------------------+------------------------+--------------+---------------+-----------------+-------+---------------------+--------------------+---------------+-----------------+-------------+
; MOSI         ; 2.5 V        ; 0 in              ; 0 H/in                  ; 0 F/in                  ; short         ; -                   ; open           ; open             ; open   ; 0 in             ; 0 H/in                 ; 0 F/in                 ; short        ; open          ; open            ; open  ; 0 V                 ; -                  ; n/a           ; n/a             ; n/a         ;
; CS           ; 2.5 V        ; 0 in              ; 0 H/in                  ; 0 F/in                  ; short         ; -                   ; open           ; open             ; open   ; 0 in             ; 0 H/in                 ; 0 F/in                 ; short        ; open          ; open            ; open  ; 0 V                 ; -                  ; n/a           ; n/a             ; n/a         ;
; SCK          ; 2.5 V        ; 0 in              ; 0 H/in                  ; 0 F/in                  ; short         ; -                   ; open           ; open             ; open   ; 0 in             ; 0 H/in                 ; 0 F/in                 ; short        ; open          ; open            ; open  ; 0 V                 ; -                  ; n/a           ; n/a             ; n/a         ;
; buzzer       ; 2.5 V        ; 0 in              ; 0 H/in                  ; 0 F/in                  ; short         ; -                   ; open           ; open             ; open   ; 0 in             ; 0 H/in                 ; 0 F/in                 ; short        ; open          ; open            ; open  ; 0 V                 ; -                  ; n/a           ; n/a             ; n/a         ;
; dato_rx[0]   ; 2.5 V        ; 0 in              ; 0 H/in                  ; 0 F/in                  ; short         ; -                   ; open           ; open             ; open   ; 0 in             ; 0 H/in                 ; 0 F/in                 ; short        ; open          ; open            ; open  ; 0 V                 ; -                  ; n/a           ; n/a             ; n/a         ;
; dato_rx[1]   ; 2.5 V        ; 0 in              ; 0 H/in                  ; 0 F/in                  ; short         ; -                   ; open           ; open             ; open   ; 0 in             ; 0 H/in                 ; 0 F/in                 ; short        ; open          ; open            ; open  ; 0 V                 ; -                  ; n/a           ; n/a             ; n/a         ;
; dato_rx[2]   ; 2.5 V        ; 0 in              ; 0 H/in                  ; 0 F/in                  ; short         ; -                   ; open           ; open             ; open   ; 0 in             ; 0 H/in                 ; 0 F/in                 ; short        ; open          ; open            ; open  ; 0 V                 ; -                  ; n/a           ; n/a             ; n/a         ;
; dato_rx[3]   ; 2.5 V        ; 0 in              ; 0 H/in                  ; 0 F/in                  ; short         ; -                   ; open           ; open             ; open   ; 0 in             ; 0 H/in                 ; 0 F/in                 ; short        ; open          ; open            ; open  ; 0 V                 ; -                  ; n/a           ; n/a             ; n/a         ;
; dato_rx[4]   ; 2.5 V        ; 0 in              ; 0 H/in                  ; 0 F/in                  ; short         ; -                   ; open           ; open             ; open   ; 0 in             ; 0 H/in                 ; 0 F/in                 ; short        ; open          ; open            ; open  ; 0 V                 ; -                  ; n/a           ; n/a             ; n/a         ;
; dato_rx[5]   ; 2.5 V        ; 0 in              ; 0 H/in                  ; 0 F/in                  ; short         ; -                   ; open           ; open             ; open   ; 0 in             ; 0 H/in                 ; 0 F/in                 ; short        ; open          ; open            ; open  ; 0 V                 ; -                  ; n/a           ; n/a             ; n/a         ;
; dato_rx[6]   ; 2.5 V        ; 0 in              ; 0 H/in                  ; 0 F/in                  ; short         ; -                   ; open           ; open             ; open   ; 0 in             ; 0 H/in                 ; 0 F/in                 ; short        ; open          ; open            ; open  ; 0 V                 ; -                  ; n/a           ; n/a             ; n/a         ;
; dato_rx[7]   ; 2.5 V        ; 0 in              ; 0 H/in                  ; 0 F/in                  ; short         ; -                   ; open           ; open             ; open   ; 0 in             ; 0 H/in                 ; 0 F/in                 ; short        ; open          ; open            ; open  ; 0 V                 ; -                  ; n/a           ; n/a             ; n/a         ;
; ~ALTERA_TDO~ ; 2.5 V        ; 0 in              ; 0 H/in                  ; 0 F/in                  ; short         ; -                   ; open           ; open             ; open   ; 0 in             ; 0 H/in                 ; 0 F/in                 ; short        ; open          ; open            ; open  ; 0 V                 ; -                  ; n/a           ; n/a             ; n/a         ;
+--------------+--------------+-------------------+-------------------------+-------------------------+---------------+---------------------+----------------+------------------+--------+------------------+------------------------+------------------------+--------------+---------------+-----------------+-------+---------------------+--------------------+---------------+-----------------+-------------+


+---------------------------------------------------------------------------------+
; Input Transition Times                                                          ;
+---------------------+-----------------------+-----------------+-----------------+
; Pin                 ; I/O Standard          ; 10-90 Rise Time ; 90-10 Fall Time ;
+---------------------+-----------------------+-----------------+-----------------+
; clk                 ; 2.5 V                 ; 2000 ps         ; 2000 ps         ;
; reset               ; 2.5 V                 ; 2000 ps         ; 2000 ps         ;
; MISO                ; 2.5 V                 ; 2000 ps         ; 2000 ps         ;
; ~ALTERA_TMS~        ; 2.5 V Schmitt Trigger ; 2000 ps         ; 2000 ps         ;
; ~ALTERA_TCK~        ; 2.5 V Schmitt Trigger ; 2000 ps         ; 2000 ps         ;
; ~ALTERA_TDI~        ; 2.5 V Schmitt Trigger ; 2000 ps         ; 2000 ps         ;
; ~ALTERA_CONFIG_SEL~ ; 2.5 V                 ; 2000 ps         ; 2000 ps         ;
; ~ALTERA_nCONFIG~    ; 2.5 V Schmitt Trigger ; 2000 ps         ; 2000 ps         ;
; ~ALTERA_nSTATUS~    ; 2.5 V Schmitt Trigger ; 2000 ps         ; 2000 ps         ;
; ~ALTERA_CONF_DONE~  ; 2.5 V Schmitt Trigger ; 2000 ps         ; 2000 ps         ;
+---------------------+-----------------------+-----------------+-----------------+


+-------------------------------------------------------------------------------------------------------------------------------------------------------------------------------------------------------------------------------------------------------------------------------------------------------------------------------------------------------------------------------------------------------------------------------------------------------------------------------------------------------------------------------------------------------------------------------------------------------------------------------------------------------------------------------------------+
; Signal Integrity Metrics (Slow 1200mv 0c Model)                                                                                                                                                                                                                                                                                                                                                                                                                                                                                                                                                                                                                                           ;
+--------------+--------------+---------------------+---------------------+------------------------------+------------------------------+---------------------+---------------------+--------------------------------------+--------------------------------------+-----------------------------+-----------------------------+----------------------------+----------------------------+-----------------------------+-----------------------------+--------------------+--------------------+-------------------------------------+-------------------------------------+----------------------------+----------------------------+---------------------------+---------------------------+
; Pin          ; I/O Standard ; Board Delay on Rise ; Board Delay on Fall ; Steady State Voh at FPGA Pin ; Steady State Vol at FPGA Pin ; Voh Max at FPGA Pin ; Vol Min at FPGA Pin ; Ringback Voltage on Rise at FPGA Pin ; Ringback Voltage on Fall at FPGA Pin ; 10-90 Rise Time at FPGA Pin ; 90-10 Fall Time at FPGA Pin ; Monotonic Rise at FPGA Pin ; Monotonic Fall at FPGA Pin ; Steady State Voh at Far-end ; Steady State Vol at Far-end ; Voh Max at Far-end ; Vol Min at Far-end ; Ringback Voltage on Rise at Far-end ; Ringback Voltage on Fall at Far-end ; 10-90 Rise Time at Far-end ; 90-10 Fall Time at Far-end ; Monotonic Rise at Far-end ; Monotonic Fall at Far-end ;
+--------------+--------------+---------------------+---------------------+------------------------------+------------------------------+---------------------+---------------------+--------------------------------------+--------------------------------------+-----------------------------+-----------------------------+----------------------------+----------------------------+-----------------------------+-----------------------------+--------------------+--------------------+-------------------------------------+-------------------------------------+----------------------------+----------------------------+---------------------------+---------------------------+
; MOSI         ; 2.5 V        ; 0 s                 ; 0 s                 ; 2.32 V                       ; 8.26e-09 V                   ; 2.4 V               ; -0.0783 V           ; 0.157 V                              ; 0.167 V                              ; 4.55e-10 s                  ; 4.33e-10 s                  ; No                         ; Yes                        ; 2.32 V                      ; 8.26e-09 V                  ; 2.4 V              ; -0.0783 V          ; 0.157 V                             ; 0.167 V                             ; 4.55e-10 s                 ; 4.33e-10 s                 ; No                        ; Yes                       ;
; CS           ; 2.5 V        ; 0 s                 ; 0 s                 ; 2.32 V                       ; 8.26e-09 V                   ; 2.4 V               ; -0.0773 V           ; 0.156 V                              ; 0.166 V                              ; 4.55e-10 s                  ; 4.33e-10 s                  ; No                         ; Yes                        ; 2.32 V                      ; 8.26e-09 V                  ; 2.4 V              ; -0.0773 V          ; 0.156 V                             ; 0.166 V                             ; 4.55e-10 s                 ; 4.33e-10 s                 ; No                        ; Yes                       ;
; SCK          ; 2.5 V        ; 0 s                 ; 0 s                 ; 2.32 V                       ; 8.26e-09 V                   ; 2.4 V               ; -0.0783 V           ; 0.157 V                              ; 0.167 V                              ; 4.55e-10 s                  ; 4.33e-10 s                  ; No                         ; Yes                        ; 2.32 V                      ; 8.26e-09 V                  ; 2.4 V              ; -0.0783 V          ; 0.157 V                             ; 0.167 V                             ; 4.55e-10 s                 ; 4.33e-10 s                 ; No                        ; Yes                       ;
; buzzer       ; 2.5 V        ; 0 s                 ; 0 s                 ; 2.32 V                       ; 8.25e-09 V                   ; 2.41 V              ; -0.0871 V           ; 0.291 V                              ; 0.138 V                              ; 3.15e-10 s                  ; 4.16e-10 s                  ; No                         ; Yes                        ; 2.32 V                      ; 8.25e-09 V                  ; 2.41 V             ; -0.0871 V          ; 0.291 V                             ; 0.138 V                             ; 3.15e-10 s                 ; 4.16e-10 s                 ; No                        ; Yes                       ;
; dato_rx[0]   ; 2.5 V        ; 0 s                 ; 0 s                 ; 2.32 V                       ; 8.25e-09 V                   ; 2.41 V              ; -0.0859 V           ; 0.289 V                              ; 0.136 V                              ; 3.15e-10 s                  ; 4.16e-10 s                  ; No                         ; Yes                        ; 2.32 V                      ; 8.25e-09 V                  ; 2.41 V             ; -0.0859 V          ; 0.289 V                             ; 0.136 V                             ; 3.15e-10 s                 ; 4.16e-10 s                 ; No                        ; Yes                       ;
; dato_rx[1]   ; 2.5 V        ; 0 s                 ; 0 s                 ; 2.32 V                       ; 8.25e-09 V                   ; 2.41 V              ; -0.0871 V           ; 0.291 V                              ; 0.138 V                              ; 3.15e-10 s                  ; 4.16e-10 s                  ; No                         ; Yes                        ; 2.32 V                      ; 8.25e-09 V                  ; 2.41 V             ; -0.0871 V          ; 0.291 V                             ; 0.138 V                             ; 3.15e-10 s                 ; 4.16e-10 s                 ; No                        ; Yes                       ;
; dato_rx[2]   ; 2.5 V        ; 0 s                 ; 0 s                 ; 2.32 V                       ; 8.25e-09 V                   ; 2.41 V              ; -0.0859 V           ; 0.289 V                              ; 0.136 V                              ; 3.15e-10 s                  ; 4.16e-10 s                  ; No                         ; Yes                        ; 2.32 V                      ; 8.25e-09 V                  ; 2.41 V             ; -0.0859 V          ; 0.289 V                             ; 0.136 V                             ; 3.15e-10 s                 ; 4.16e-10 s                 ; No                        ; Yes                       ;
; dato_rx[3]   ; 2.5 V        ; 0 s                 ; 0 s                 ; 2.32 V                       ; 8.25e-09 V                   ; 2.41 V              ; -0.0859 V           ; 0.289 V                              ; 0.136 V                              ; 3.15e-10 s                  ; 4.16e-10 s                  ; No                         ; Yes                        ; 2.32 V                      ; 8.25e-09 V                  ; 2.41 V             ; -0.0859 V          ; 0.289 V                             ; 0.136 V                             ; 3.15e-10 s                 ; 4.16e-10 s                 ; No                        ; Yes                       ;
; dato_rx[4]   ; 2.5 V        ; 0 s                 ; 0 s                 ; 2.32 V                       ; 8.25e-09 V                   ; 2.41 V              ; -0.0859 V           ; 0.289 V                              ; 0.136 V                              ; 3.15e-10 s                  ; 4.16e-10 s                  ; No                         ; Yes                        ; 2.32 V                      ; 8.25e-09 V                  ; 2.41 V             ; -0.0859 V          ; 0.289 V                             ; 0.136 V                             ; 3.15e-10 s                 ; 4.16e-10 s                 ; No                        ; Yes                       ;
; dato_rx[5]   ; 2.5 V        ; 0 s                 ; 0 s                 ; 2.32 V                       ; 8.25e-09 V                   ; 2.41 V              ; -0.0871 V           ; 0.291 V                              ; 0.138 V                              ; 3.15e-10 s                  ; 4.16e-10 s                  ; No                         ; Yes                        ; 2.32 V                      ; 8.25e-09 V                  ; 2.41 V             ; -0.0871 V          ; 0.291 V                             ; 0.138 V                             ; 3.15e-10 s                 ; 4.16e-10 s                 ; No                        ; Yes                       ;
; dato_rx[6]   ; 2.5 V        ; 0 s                 ; 0 s                 ; 2.32 V                       ; 8.25e-09 V                   ; 2.41 V              ; -0.0871 V           ; 0.291 V                              ; 0.138 V                              ; 3.15e-10 s                  ; 4.16e-10 s                  ; No                         ; Yes                        ; 2.32 V                      ; 8.25e-09 V                  ; 2.41 V             ; -0.0871 V          ; 0.291 V                             ; 0.138 V                             ; 3.15e-10 s                 ; 4.16e-10 s                 ; No                        ; Yes                       ;
; dato_rx[7]   ; 2.5 V        ; 0 s                 ; 0 s                 ; 2.32 V                       ; 8.25e-09 V                   ; 2.41 V              ; -0.0859 V           ; 0.289 V                              ; 0.136 V                              ; 3.15e-10 s                  ; 4.16e-10 s                  ; No                         ; Yes                        ; 2.32 V                      ; 8.25e-09 V                  ; 2.41 V             ; -0.0859 V          ; 0.289 V                             ; 0.136 V                             ; 3.15e-10 s                 ; 4.16e-10 s                 ; No                        ; Yes                       ;
; ~ALTERA_TDO~ ; 2.5 V        ; 0 s                 ; 0 s                 ; 2.32 V                       ; 1.39e-08 V                   ; 2.39 V              ; -0.0409 V           ; 0.21 V                               ; 0.121 V                              ; 4.7e-10 s                   ; 5.93e-10 s                  ; No                         ; Yes                        ; 2.32 V                      ; 1.39e-08 V                  ; 2.39 V             ; -0.0409 V          ; 0.21 V                              ; 0.121 V                             ; 4.7e-10 s                  ; 5.93e-10 s                 ; No                        ; Yes                       ;
+--------------+--------------+---------------------+---------------------+------------------------------+------------------------------+---------------------+---------------------+--------------------------------------+--------------------------------------+-----------------------------+-----------------------------+----------------------------+----------------------------+-----------------------------+-----------------------------+--------------------+--------------------+-------------------------------------+-------------------------------------+----------------------------+----------------------------+---------------------------+---------------------------+


+-------------------------------------------------------------------------------------------------------------------------------------------------------------------------------------------------------------------------------------------------------------------------------------------------------------------------------------------------------------------------------------------------------------------------------------------------------------------------------------------------------------------------------------------------------------------------------------------------------------------------------------------------------------------------------------------+
; Signal Integrity Metrics (Slow 1200mv 85c Model)                                                                                                                                                                                                                                                                                                                                                                                                                                                                                                                                                                                                                                          ;
+--------------+--------------+---------------------+---------------------+------------------------------+------------------------------+---------------------+---------------------+--------------------------------------+--------------------------------------+-----------------------------+-----------------------------+----------------------------+----------------------------+-----------------------------+-----------------------------+--------------------+--------------------+-------------------------------------+-------------------------------------+----------------------------+----------------------------+---------------------------+---------------------------+
; Pin          ; I/O Standard ; Board Delay on Rise ; Board Delay on Fall ; Steady State Voh at FPGA Pin ; Steady State Vol at FPGA Pin ; Voh Max at FPGA Pin ; Vol Min at FPGA Pin ; Ringback Voltage on Rise at FPGA Pin ; Ringback Voltage on Fall at FPGA Pin ; 10-90 Rise Time at FPGA Pin ; 90-10 Fall Time at FPGA Pin ; Monotonic Rise at FPGA Pin ; Monotonic Fall at FPGA Pin ; Steady State Voh at Far-end ; Steady State Vol at Far-end ; Voh Max at Far-end ; Vol Min at Far-end ; Ringback Voltage on Rise at Far-end ; Ringback Voltage on Fall at Far-end ; 10-90 Rise Time at Far-end ; 90-10 Fall Time at Far-end ; Monotonic Rise at Far-end ; Monotonic Fall at Far-end ;
+--------------+--------------+---------------------+---------------------+------------------------------+------------------------------+---------------------+---------------------+--------------------------------------+--------------------------------------+-----------------------------+-----------------------------+----------------------------+----------------------------+-----------------------------+-----------------------------+--------------------+--------------------+-------------------------------------+-------------------------------------+----------------------------+----------------------------+---------------------------+---------------------------+
; MOSI         ; 2.5 V        ; 0 s                 ; 0 s                 ; 2.32 V                       ; 1.16e-06 V                   ; 2.37 V              ; -0.0459 V           ; 0.201 V                              ; 0.093 V                              ; 4.9e-10 s                   ; 5.83e-10 s                  ; Yes                        ; No                         ; 2.32 V                      ; 1.16e-06 V                  ; 2.37 V             ; -0.0459 V          ; 0.201 V                             ; 0.093 V                             ; 4.9e-10 s                  ; 5.83e-10 s                 ; Yes                       ; No                        ;
; CS           ; 2.5 V        ; 0 s                 ; 0 s                 ; 2.32 V                       ; 1.16e-06 V                   ; 2.37 V              ; -0.0449 V           ; 0.201 V                              ; 0.093 V                              ; 4.89e-10 s                  ; 5.81e-10 s                  ; Yes                        ; No                         ; 2.32 V                      ; 1.16e-06 V                  ; 2.37 V             ; -0.0449 V          ; 0.201 V                             ; 0.093 V                             ; 4.89e-10 s                 ; 5.81e-10 s                 ; Yes                       ; No                        ;
; SCK          ; 2.5 V        ; 0 s                 ; 0 s                 ; 2.32 V                       ; 1.16e-06 V                   ; 2.37 V              ; -0.0459 V           ; 0.201 V                              ; 0.093 V                              ; 4.9e-10 s                   ; 5.83e-10 s                  ; Yes                        ; No                         ; 2.32 V                      ; 1.16e-06 V                  ; 2.37 V             ; -0.0459 V          ; 0.201 V                             ; 0.093 V                             ; 4.9e-10 s                  ; 5.83e-10 s                 ; Yes                       ; No                        ;
; buzzer       ; 2.5 V        ; 0 s                 ; 0 s                 ; 2.32 V                       ; 1.16e-06 V                   ; 2.37 V              ; -0.0508 V           ; 0.153 V                              ; 0.187 V                              ; 4.63e-10 s                  ; 4.49e-10 s                  ; Yes                        ; Yes                        ; 2.32 V                      ; 1.16e-06 V                  ; 2.37 V             ; -0.0508 V          ; 0.153 V                             ; 0.187 V                             ; 4.63e-10 s                 ; 4.49e-10 s                 ; Yes                       ; Yes                       ;
; dato_rx[0]   ; 2.5 V        ; 0 s                 ; 0 s                 ; 2.32 V                       ; 1.16e-06 V                   ; 2.37 V              ; -0.049 V            ; 0.154 V                              ; 0.186 V                              ; 4.63e-10 s                  ; 4.5e-10 s                   ; Yes                        ; Yes                        ; 2.32 V                      ; 1.16e-06 V                  ; 2.37 V             ; -0.049 V           ; 0.154 V                             ; 0.186 V                             ; 4.63e-10 s                 ; 4.5e-10 s                  ; Yes                       ; Yes                       ;
; dato_rx[1]   ; 2.5 V        ; 0 s                 ; 0 s                 ; 2.32 V                       ; 1.16e-06 V                   ; 2.37 V              ; -0.0508 V           ; 0.153 V                              ; 0.187 V                              ; 4.63e-10 s                  ; 4.49e-10 s                  ; Yes                        ; Yes                        ; 2.32 V                      ; 1.16e-06 V                  ; 2.37 V             ; -0.0508 V          ; 0.153 V                             ; 0.187 V                             ; 4.63e-10 s                 ; 4.49e-10 s                 ; Yes                       ; Yes                       ;
; dato_rx[2]   ; 2.5 V        ; 0 s                 ; 0 s                 ; 2.32 V                       ; 1.16e-06 V                   ; 2.37 V              ; -0.049 V            ; 0.154 V                              ; 0.186 V                              ; 4.63e-10 s                  ; 4.5e-10 s                   ; Yes                        ; Yes                        ; 2.32 V                      ; 1.16e-06 V                  ; 2.37 V             ; -0.049 V           ; 0.154 V                             ; 0.186 V                             ; 4.63e-10 s                 ; 4.5e-10 s                  ; Yes                       ; Yes                       ;
; dato_rx[3]   ; 2.5 V        ; 0 s                 ; 0 s                 ; 2.32 V                       ; 1.16e-06 V                   ; 2.37 V              ; -0.049 V            ; 0.154 V                              ; 0.186 V                              ; 4.63e-10 s                  ; 4.5e-10 s                   ; Yes                        ; Yes                        ; 2.32 V                      ; 1.16e-06 V                  ; 2.37 V             ; -0.049 V           ; 0.154 V                             ; 0.186 V                             ; 4.63e-10 s                 ; 4.5e-10 s                  ; Yes                       ; Yes                       ;
; dato_rx[4]   ; 2.5 V        ; 0 s                 ; 0 s                 ; 2.32 V                       ; 1.16e-06 V                   ; 2.37 V              ; -0.049 V            ; 0.154 V                              ; 0.186 V                              ; 4.63e-10 s                  ; 4.5e-10 s                   ; Yes                        ; Yes                        ; 2.32 V                      ; 1.16e-06 V                  ; 2.37 V             ; -0.049 V           ; 0.154 V                             ; 0.186 V                             ; 4.63e-10 s                 ; 4.5e-10 s                  ; Yes                       ; Yes                       ;
; dato_rx[5]   ; 2.5 V        ; 0 s                 ; 0 s                 ; 2.32 V                       ; 1.16e-06 V                   ; 2.37 V              ; -0.0508 V           ; 0.153 V                              ; 0.187 V                              ; 4.63e-10 s                  ; 4.49e-10 s                  ; Yes                        ; Yes                        ; 2.32 V                      ; 1.16e-06 V                  ; 2.37 V             ; -0.0508 V          ; 0.153 V                             ; 0.187 V                             ; 4.63e-10 s                 ; 4.49e-10 s                 ; Yes                       ; Yes                       ;
; dato_rx[6]   ; 2.5 V        ; 0 s                 ; 0 s                 ; 2.32 V                       ; 1.16e-06 V                   ; 2.37 V              ; -0.0508 V           ; 0.153 V                              ; 0.187 V                              ; 4.63e-10 s                  ; 4.49e-10 s                  ; Yes                        ; Yes                        ; 2.32 V                      ; 1.16e-06 V                  ; 2.37 V             ; -0.0508 V          ; 0.153 V                             ; 0.187 V                             ; 4.63e-10 s                 ; 4.49e-10 s                 ; Yes                       ; Yes                       ;
; dato_rx[7]   ; 2.5 V        ; 0 s                 ; 0 s                 ; 2.32 V                       ; 1.16e-06 V                   ; 2.37 V              ; -0.049 V            ; 0.154 V                              ; 0.186 V                              ; 4.63e-10 s                  ; 4.5e-10 s                   ; Yes                        ; Yes                        ; 2.32 V                      ; 1.16e-06 V                  ; 2.37 V             ; -0.049 V           ; 0.154 V                             ; 0.186 V                             ; 4.63e-10 s                 ; 4.5e-10 s                  ; Yes                       ; Yes                       ;
; ~ALTERA_TDO~ ; 2.5 V        ; 0 s                 ; 0 s                 ; 2.32 V                       ; 1.97e-06 V                   ; 2.36 V              ; -0.0173 V           ; 0.144 V                              ; 0.094 V                              ; 6.44e-10 s                  ; 7.2e-10 s                   ; No                         ; Yes                        ; 2.32 V                      ; 1.97e-06 V                  ; 2.36 V             ; -0.0173 V          ; 0.144 V                             ; 0.094 V                             ; 6.44e-10 s                 ; 7.2e-10 s                  ; No                        ; Yes                       ;
+--------------+--------------+---------------------+---------------------+------------------------------+------------------------------+---------------------+---------------------+--------------------------------------+--------------------------------------+-----------------------------+-----------------------------+----------------------------+----------------------------+-----------------------------+-----------------------------+--------------------+--------------------+-------------------------------------+-------------------------------------+----------------------------+----------------------------+---------------------------+---------------------------+


+-------------------------------------------------------------------------------------------------------------------------------------------------------------------------------------------------------------------------------------------------------------------------------------------------------------------------------------------------------------------------------------------------------------------------------------------------------------------------------------------------------------------------------------------------------------------------------------------------------------------------------------------------------------------------------------------+
; Signal Integrity Metrics (Fast 1200mv 0c Model)                                                                                                                                                                                                                                                                                                                                                                                                                                                                                                                                                                                                                                           ;
+--------------+--------------+---------------------+---------------------+------------------------------+------------------------------+---------------------+---------------------+--------------------------------------+--------------------------------------+-----------------------------+-----------------------------+----------------------------+----------------------------+-----------------------------+-----------------------------+--------------------+--------------------+-------------------------------------+-------------------------------------+----------------------------+----------------------------+---------------------------+---------------------------+
; Pin          ; I/O Standard ; Board Delay on Rise ; Board Delay on Fall ; Steady State Voh at FPGA Pin ; Steady State Vol at FPGA Pin ; Voh Max at FPGA Pin ; Vol Min at FPGA Pin ; Ringback Voltage on Rise at FPGA Pin ; Ringback Voltage on Fall at FPGA Pin ; 10-90 Rise Time at FPGA Pin ; 90-10 Fall Time at FPGA Pin ; Monotonic Rise at FPGA Pin ; Monotonic Fall at FPGA Pin ; Steady State Voh at Far-end ; Steady State Vol at Far-end ; Voh Max at Far-end ; Vol Min at Far-end ; Ringback Voltage on Rise at Far-end ; Ringback Voltage on Fall at Far-end ; 10-90 Rise Time at Far-end ; 90-10 Fall Time at Far-end ; Monotonic Rise at Far-end ; Monotonic Fall at Far-end ;
+--------------+--------------+---------------------+---------------------+------------------------------+------------------------------+---------------------+---------------------+--------------------------------------+--------------------------------------+-----------------------------+-----------------------------+----------------------------+----------------------------+-----------------------------+-----------------------------+--------------------+--------------------+-------------------------------------+-------------------------------------+----------------------------+----------------------------+---------------------------+---------------------------+
; MOSI         ; 2.5 V        ; 0 s                 ; 0 s                 ; 2.62 V                       ; 9.94e-08 V                   ; 2.77 V              ; -0.0485 V           ; 0.289 V                              ; 0.058 V                              ; 2.81e-10 s                  ; 3.04e-10 s                  ; No                         ; Yes                        ; 2.62 V                      ; 9.94e-08 V                  ; 2.77 V             ; -0.0485 V          ; 0.289 V                             ; 0.058 V                             ; 2.81e-10 s                 ; 3.04e-10 s                 ; No                        ; Yes                       ;
; CS           ; 2.5 V        ; 0 s                 ; 0 s                 ; 2.62 V                       ; 9.95e-08 V                   ; 2.77 V              ; -0.0486 V           ; 0.285 V                              ; 0.06 V                               ; 2.8e-10 s                   ; 3.04e-10 s                  ; No                         ; Yes                        ; 2.62 V                      ; 9.95e-08 V                  ; 2.77 V             ; -0.0486 V          ; 0.285 V                             ; 0.06 V                              ; 2.8e-10 s                  ; 3.04e-10 s                 ; No                        ; Yes                       ;
; SCK          ; 2.5 V        ; 0 s                 ; 0 s                 ; 2.62 V                       ; 9.94e-08 V                   ; 2.77 V              ; -0.0485 V           ; 0.289 V                              ; 0.058 V                              ; 2.81e-10 s                  ; 3.04e-10 s                  ; No                         ; Yes                        ; 2.62 V                      ; 9.94e-08 V                  ; 2.77 V             ; -0.0485 V          ; 0.289 V                             ; 0.058 V                             ; 2.81e-10 s                 ; 3.04e-10 s                 ; No                        ; Yes                       ;
; buzzer       ; 2.5 V        ; 0 s                 ; 0 s                 ; 2.62 V                       ; 9.94e-08 V                   ; 2.78 V              ; -0.0444 V           ; 0.25 V                               ; 0.107 V                              ; 2.67e-10 s                  ; 2.75e-10 s                  ; No                         ; Yes                        ; 2.62 V                      ; 9.94e-08 V                  ; 2.78 V             ; -0.0444 V          ; 0.25 V                              ; 0.107 V                             ; 2.67e-10 s                 ; 2.75e-10 s                 ; No                        ; Yes                       ;
; dato_rx[0]   ; 2.5 V        ; 0 s                 ; 0 s                 ; 2.62 V                       ; 9.95e-08 V                   ; 2.78 V              ; -0.0452 V           ; 0.248 V                              ; 0.108 V                              ; 2.67e-10 s                  ; 2.75e-10 s                  ; No                         ; Yes                        ; 2.62 V                      ; 9.95e-08 V                  ; 2.78 V             ; -0.0452 V          ; 0.248 V                             ; 0.108 V                             ; 2.67e-10 s                 ; 2.75e-10 s                 ; No                        ; Yes                       ;
; dato_rx[1]   ; 2.5 V        ; 0 s                 ; 0 s                 ; 2.62 V                       ; 9.94e-08 V                   ; 2.78 V              ; -0.0444 V           ; 0.25 V                               ; 0.107 V                              ; 2.67e-10 s                  ; 2.75e-10 s                  ; No                         ; Yes                        ; 2.62 V                      ; 9.94e-08 V                  ; 2.78 V             ; -0.0444 V          ; 0.25 V                              ; 0.107 V                             ; 2.67e-10 s                 ; 2.75e-10 s                 ; No                        ; Yes                       ;
; dato_rx[2]   ; 2.5 V        ; 0 s                 ; 0 s                 ; 2.62 V                       ; 9.95e-08 V                   ; 2.78 V              ; -0.0452 V           ; 0.248 V                              ; 0.108 V                              ; 2.67e-10 s                  ; 2.75e-10 s                  ; No                         ; Yes                        ; 2.62 V                      ; 9.95e-08 V                  ; 2.78 V             ; -0.0452 V          ; 0.248 V                             ; 0.108 V                             ; 2.67e-10 s                 ; 2.75e-10 s                 ; No                        ; Yes                       ;
; dato_rx[3]   ; 2.5 V        ; 0 s                 ; 0 s                 ; 2.62 V                       ; 9.95e-08 V                   ; 2.78 V              ; -0.0452 V           ; 0.248 V                              ; 0.108 V                              ; 2.67e-10 s                  ; 2.75e-10 s                  ; No                         ; Yes                        ; 2.62 V                      ; 9.95e-08 V                  ; 2.78 V             ; -0.0452 V          ; 0.248 V                             ; 0.108 V                             ; 2.67e-10 s                 ; 2.75e-10 s                 ; No                        ; Yes                       ;
; dato_rx[4]   ; 2.5 V        ; 0 s                 ; 0 s                 ; 2.62 V                       ; 9.95e-08 V                   ; 2.78 V              ; -0.0452 V           ; 0.248 V                              ; 0.108 V                              ; 2.67e-10 s                  ; 2.75e-10 s                  ; No                         ; Yes                        ; 2.62 V                      ; 9.95e-08 V                  ; 2.78 V             ; -0.0452 V          ; 0.248 V                             ; 0.108 V                             ; 2.67e-10 s                 ; 2.75e-10 s                 ; No                        ; Yes                       ;
; dato_rx[5]   ; 2.5 V        ; 0 s                 ; 0 s                 ; 2.62 V                       ; 9.94e-08 V                   ; 2.78 V              ; -0.0444 V           ; 0.25 V                               ; 0.107 V                              ; 2.67e-10 s                  ; 2.75e-10 s                  ; No                         ; Yes                        ; 2.62 V                      ; 9.94e-08 V                  ; 2.78 V             ; -0.0444 V          ; 0.25 V                              ; 0.107 V                             ; 2.67e-10 s                 ; 2.75e-10 s                 ; No                        ; Yes                       ;
; dato_rx[6]   ; 2.5 V        ; 0 s                 ; 0 s                 ; 2.62 V                       ; 9.94e-08 V                   ; 2.78 V              ; -0.0444 V           ; 0.25 V                               ; 0.107 V                              ; 2.67e-10 s                  ; 2.75e-10 s                  ; No                         ; Yes                        ; 2.62 V                      ; 9.94e-08 V                  ; 2.78 V             ; -0.0444 V          ; 0.25 V                              ; 0.107 V                             ; 2.67e-10 s                 ; 2.75e-10 s                 ; No                        ; Yes                       ;
; dato_rx[7]   ; 2.5 V        ; 0 s                 ; 0 s                 ; 2.62 V                       ; 9.95e-08 V                   ; 2.78 V              ; -0.0452 V           ; 0.248 V                              ; 0.108 V                              ; 2.67e-10 s                  ; 2.75e-10 s                  ; No                         ; Yes                        ; 2.62 V                      ; 9.95e-08 V                  ; 2.78 V             ; -0.0452 V          ; 0.248 V                             ; 0.108 V                             ; 2.67e-10 s                 ; 2.75e-10 s                 ; No                        ; Yes                       ;
; ~ALTERA_TDO~ ; 2.5 V        ; 0 s                 ; 0 s                 ; 2.62 V                       ; 1.68e-07 V                   ; 2.73 V              ; -0.0395 V           ; 0.361 V                              ; 0.109 V                              ; 3.1e-10 s                   ; 4.41e-10 s                  ; No                         ; Yes                        ; 2.62 V                      ; 1.68e-07 V                  ; 2.73 V             ; -0.0395 V          ; 0.361 V                             ; 0.109 V                             ; 3.1e-10 s                  ; 4.41e-10 s                 ; No                        ; Yes                       ;
+--------------+--------------+---------------------+---------------------+------------------------------+------------------------------+---------------------+---------------------+--------------------------------------+--------------------------------------+-----------------------------+-----------------------------+----------------------------+----------------------------+-----------------------------+-----------------------------+--------------------+--------------------+-------------------------------------+-------------------------------------+----------------------------+----------------------------+---------------------------+---------------------------+


+---------------------------------------------------------------------------------------------------------------+
; Setup Transfers                                                                                               ;
+---------------------------------+---------------------------------+----------+----------+----------+----------+
; From Clock                      ; To Clock                        ; RR Paths ; FR Paths ; RF Paths ; FF Paths ;
+---------------------------------+---------------------------------+----------+----------+----------+----------+
; clk                             ; clk                             ; 637      ; 0        ; 0        ; 0        ;
; divisor_frecuencia:DIVF|clk_out ; clk                             ; 1        ; 1        ; 0        ; 0        ;
; muestreador:REQUESTREAD|clk_out ; clk                             ; 2        ; 2        ; 0        ; 0        ;
; muestreador:REQUESTREAD|clk_out ; divisor_frecuencia:DIVF|clk_out ; 0        ; 0        ; 2        ; 2        ;
; SPI_FSM:FSM|pr_state.b0         ; divisor_frecuencia:DIVF|clk_out ; 0        ; 0        ; 1        ; 1        ;
; SPI_FSM:FSM|pr_state.b1         ; divisor_frecuencia:DIVF|clk_out ; 0        ; 0        ; 1        ; 1        ;
; SPI_FSM:FSM|pr_state.b2         ; divisor_frecuencia:DIVF|clk_out ; 0        ; 0        ; 1        ; 1        ;
; SPI_FSM:FSM|pr_state.b3         ; divisor_frecuencia:DIVF|clk_out ; 0        ; 0        ; 1        ; 1        ;
; SPI_FSM:FSM|pr_state.b4         ; divisor_frecuencia:DIVF|clk_out ; 0        ; 0        ; 1        ; 1        ;
; SPI_FSM:FSM|pr_state.b5         ; divisor_frecuencia:DIVF|clk_out ; 0        ; 0        ; 1        ; 1        ;
; SPI_FSM:FSM|pr_state.b6         ; divisor_frecuencia:DIVF|clk_out ; 0        ; 0        ; 1        ; 1        ;
; SPI_FSM:FSM|pr_state.fintx      ; divisor_frecuencia:DIVF|clk_out ; 0        ; 0        ; 1        ; 1        ;
; SPI_FSM:FSM|pr_state.idle       ; divisor_frecuencia:DIVF|clk_out ; 0        ; 0        ; 2        ; 2        ;
; muestreador:REQUESTREAD|clk_out ; SPI_FSM:FSM|pr_state.fintx      ; 1        ; 1        ; 0        ; 1        ;
; SPI_FSM:FSM|pr_state.b0         ; SPI_FSM:FSM|pr_state.fintx      ; 1        ; 1        ; 0        ; 1        ;
; SPI_FSM:FSM|pr_state.b1         ; SPI_FSM:FSM|pr_state.fintx      ; 1        ; 1        ; 0        ; 1        ;
; SPI_FSM:FSM|pr_state.b2         ; SPI_FSM:FSM|pr_state.fintx      ; 1        ; 1        ; 0        ; 1        ;
; SPI_FSM:FSM|pr_state.b3         ; SPI_FSM:FSM|pr_state.fintx      ; 1        ; 1        ; 0        ; 1        ;
; SPI_FSM:FSM|pr_state.b4         ; SPI_FSM:FSM|pr_state.fintx      ; 0        ; 0        ; 0        ; 1        ;
; SPI_FSM:FSM|pr_state.b5         ; SPI_FSM:FSM|pr_state.fintx      ; 0        ; 0        ; 0        ; 1        ;
; SPI_FSM:FSM|pr_state.b6         ; SPI_FSM:FSM|pr_state.fintx      ; 0        ; 0        ; 0        ; 1        ;
; SPI_FSM:FSM|pr_state.idle       ; SPI_FSM:FSM|pr_state.fintx      ; 1        ; 1        ; 1        ; 0        ;
; muestreador:REQUESTREAD|clk_out ; SPI_FSM:FSM|pr_state.idle       ; 1        ; 1        ; 0        ; 0        ;
+---------------------------------+---------------------------------+----------+----------+----------+----------+
Entries labeled "false path" only account for clock-to-clock false paths and not path-based false paths. As a result, actual path counts may be lower than reported.


+---------------------------------------------------------------------------------------------------------------+
; Hold Transfers                                                                                                ;
+---------------------------------+---------------------------------+----------+----------+----------+----------+
; From Clock                      ; To Clock                        ; RR Paths ; FR Paths ; RF Paths ; FF Paths ;
+---------------------------------+---------------------------------+----------+----------+----------+----------+
; clk                             ; clk                             ; 637      ; 0        ; 0        ; 0        ;
; divisor_frecuencia:DIVF|clk_out ; clk                             ; 1        ; 1        ; 0        ; 0        ;
; muestreador:REQUESTREAD|clk_out ; clk                             ; 2        ; 2        ; 0        ; 0        ;
; muestreador:REQUESTREAD|clk_out ; divisor_frecuencia:DIVF|clk_out ; 0        ; 0        ; 2        ; 2        ;
; SPI_FSM:FSM|pr_state.b0         ; divisor_frecuencia:DIVF|clk_out ; 0        ; 0        ; 1        ; 1        ;
; SPI_FSM:FSM|pr_state.b1         ; divisor_frecuencia:DIVF|clk_out ; 0        ; 0        ; 1        ; 1        ;
; SPI_FSM:FSM|pr_state.b2         ; divisor_frecuencia:DIVF|clk_out ; 0        ; 0        ; 1        ; 1        ;
; SPI_FSM:FSM|pr_state.b3         ; divisor_frecuencia:DIVF|clk_out ; 0        ; 0        ; 1        ; 1        ;
; SPI_FSM:FSM|pr_state.b4         ; divisor_frecuencia:DIVF|clk_out ; 0        ; 0        ; 1        ; 1        ;
; SPI_FSM:FSM|pr_state.b5         ; divisor_frecuencia:DIVF|clk_out ; 0        ; 0        ; 1        ; 1        ;
; SPI_FSM:FSM|pr_state.b6         ; divisor_frecuencia:DIVF|clk_out ; 0        ; 0        ; 1        ; 1        ;
; SPI_FSM:FSM|pr_state.fintx      ; divisor_frecuencia:DIVF|clk_out ; 0        ; 0        ; 1        ; 1        ;
; SPI_FSM:FSM|pr_state.idle       ; divisor_frecuencia:DIVF|clk_out ; 0        ; 0        ; 2        ; 2        ;
; muestreador:REQUESTREAD|clk_out ; SPI_FSM:FSM|pr_state.fintx      ; 1        ; 1        ; 0        ; 1        ;
; SPI_FSM:FSM|pr_state.b0         ; SPI_FSM:FSM|pr_state.fintx      ; 1        ; 1        ; 0        ; 1        ;
; SPI_FSM:FSM|pr_state.b1         ; SPI_FSM:FSM|pr_state.fintx      ; 1        ; 1        ; 0        ; 1        ;
; SPI_FSM:FSM|pr_state.b2         ; SPI_FSM:FSM|pr_state.fintx      ; 1        ; 1        ; 0        ; 1        ;
; SPI_FSM:FSM|pr_state.b3         ; SPI_FSM:FSM|pr_state.fintx      ; 1        ; 1        ; 0        ; 1        ;
; SPI_FSM:FSM|pr_state.b4         ; SPI_FSM:FSM|pr_state.fintx      ; 0        ; 0        ; 0        ; 1        ;
; SPI_FSM:FSM|pr_state.b5         ; SPI_FSM:FSM|pr_state.fintx      ; 0        ; 0        ; 0        ; 1        ;
; SPI_FSM:FSM|pr_state.b6         ; SPI_FSM:FSM|pr_state.fintx      ; 0        ; 0        ; 0        ; 1        ;
; SPI_FSM:FSM|pr_state.idle       ; SPI_FSM:FSM|pr_state.fintx      ; 1        ; 1        ; 1        ; 0        ;
; muestreador:REQUESTREAD|clk_out ; SPI_FSM:FSM|pr_state.idle       ; 1        ; 1        ; 0        ; 0        ;
+---------------------------------+---------------------------------+----------+----------+----------+----------+
Entries labeled "false path" only account for clock-to-clock false paths and not path-based false paths. As a result, actual path counts may be lower than reported.


---------------
; Report TCCS ;
---------------
No dedicated SERDES Transmitter circuitry present in device or used in design


---------------
; Report RSKM ;
---------------
No non-DPA dedicated SERDES Receiver circuitry present in device or used in design


+------------------------------------------------+
; Unconstrained Paths Summary                    ;
+---------------------------------+-------+------+
; Property                        ; Setup ; Hold ;
+---------------------------------+-------+------+
; Illegal Clocks                  ; 0     ; 0    ;
; Unconstrained Clocks            ; 0     ; 0    ;
; Unconstrained Input Ports       ; 2     ; 2    ;
; Unconstrained Input Port Paths  ; 17    ; 17   ;
; Unconstrained Output Ports      ; 12    ; 12   ;
; Unconstrained Output Port Paths ; 20    ; 20   ;
+---------------------------------+-------+------+


+----------------------------------------------------------------------------------------+
; Clock Status Summary                                                                   ;
+---------------------------------+---------------------------------+------+-------------+
; Target                          ; Clock                           ; Type ; Status      ;
+---------------------------------+---------------------------------+------+-------------+
; SPI_FSM:FSM|pr_state.b0         ; SPI_FSM:FSM|pr_state.b0         ; Base ; Constrained ;
; SPI_FSM:FSM|pr_state.b1         ; SPI_FSM:FSM|pr_state.b1         ; Base ; Constrained ;
; SPI_FSM:FSM|pr_state.b2         ; SPI_FSM:FSM|pr_state.b2         ; Base ; Constrained ;
; SPI_FSM:FSM|pr_state.b3         ; SPI_FSM:FSM|pr_state.b3         ; Base ; Constrained ;
; SPI_FSM:FSM|pr_state.b4         ; SPI_FSM:FSM|pr_state.b4         ; Base ; Constrained ;
; SPI_FSM:FSM|pr_state.b5         ; SPI_FSM:FSM|pr_state.b5         ; Base ; Constrained ;
; SPI_FSM:FSM|pr_state.b6         ; SPI_FSM:FSM|pr_state.b6         ; Base ; Constrained ;
; SPI_FSM:FSM|pr_state.fintx      ; SPI_FSM:FSM|pr_state.fintx      ; Base ; Constrained ;
; SPI_FSM:FSM|pr_state.idle       ; SPI_FSM:FSM|pr_state.idle       ; Base ; Constrained ;
; clk                             ; clk                             ; Base ; Constrained ;
; divisor_frecuencia:DIVF|clk_out ; divisor_frecuencia:DIVF|clk_out ; Base ; Constrained ;
; muestreador:REQUESTREAD|clk_out ; muestreador:REQUESTREAD|clk_out ; Base ; Constrained ;
+---------------------------------+---------------------------------+------+-------------+


+---------------------------------------------------------------------------------------------------+
; Unconstrained Input Ports                                                                         ;
+------------+--------------------------------------------------------------------------------------+
; Input Port ; Comment                                                                              ;
+------------+--------------------------------------------------------------------------------------+
; MISO       ; No input delay, min/max delays, false-path exceptions, or max skew assignments found ;
; reset      ; No input delay, min/max delays, false-path exceptions, or max skew assignments found ;
+------------+--------------------------------------------------------------------------------------+


+-----------------------------------------------------------------------------------------------------+
; Unconstrained Output Ports                                                                          ;
+-------------+---------------------------------------------------------------------------------------+
; Output Port ; Comment                                                                               ;
+-------------+---------------------------------------------------------------------------------------+
; CS          ; No output delay, min/max delays, false-path exceptions, or max skew assignments found ;
; MOSI        ; No output delay, min/max delays, false-path exceptions, or max skew assignments found ;
; SCK         ; No output delay, min/max delays, false-path exceptions, or max skew assignments found ;
; buzzer      ; No output delay, min/max delays, false-path exceptions, or max skew assignments found ;
; dato_rx[0]  ; No output delay, min/max delays, false-path exceptions, or max skew assignments found ;
; dato_rx[1]  ; No output delay, min/max delays, false-path exceptions, or max skew assignments found ;
; dato_rx[2]  ; No output delay, min/max delays, false-path exceptions, or max skew assignments found ;
; dato_rx[3]  ; No output delay, min/max delays, false-path exceptions, or max skew assignments found ;
; dato_rx[4]  ; No output delay, min/max delays, false-path exceptions, or max skew assignments found ;
; dato_rx[5]  ; No output delay, min/max delays, false-path exceptions, or max skew assignments found ;
; dato_rx[6]  ; No output delay, min/max delays, false-path exceptions, or max skew assignments found ;
; dato_rx[7]  ; No output delay, min/max delays, false-path exceptions, or max skew assignments found ;
+-------------+---------------------------------------------------------------------------------------+


+---------------------------------------------------------------------------------------------------+
; Unconstrained Input Ports                                                                         ;
+------------+--------------------------------------------------------------------------------------+
; Input Port ; Comment                                                                              ;
+------------+--------------------------------------------------------------------------------------+
; MISO       ; No input delay, min/max delays, false-path exceptions, or max skew assignments found ;
; reset      ; No input delay, min/max delays, false-path exceptions, or max skew assignments found ;
+------------+--------------------------------------------------------------------------------------+


+-----------------------------------------------------------------------------------------------------+
; Unconstrained Output Ports                                                                          ;
+-------------+---------------------------------------------------------------------------------------+
; Output Port ; Comment                                                                               ;
+-------------+---------------------------------------------------------------------------------------+
; CS          ; No output delay, min/max delays, false-path exceptions, or max skew assignments found ;
; MOSI        ; No output delay, min/max delays, false-path exceptions, or max skew assignments found ;
; SCK         ; No output delay, min/max delays, false-path exceptions, or max skew assignments found ;
; buzzer      ; No output delay, min/max delays, false-path exceptions, or max skew assignments found ;
; dato_rx[0]  ; No output delay, min/max delays, false-path exceptions, or max skew assignments found ;
; dato_rx[1]  ; No output delay, min/max delays, false-path exceptions, or max skew assignments found ;
; dato_rx[2]  ; No output delay, min/max delays, false-path exceptions, or max skew assignments found ;
; dato_rx[3]  ; No output delay, min/max delays, false-path exceptions, or max skew assignments found ;
; dato_rx[4]  ; No output delay, min/max delays, false-path exceptions, or max skew assignments found ;
; dato_rx[5]  ; No output delay, min/max delays, false-path exceptions, or max skew assignments found ;
; dato_rx[6]  ; No output delay, min/max delays, false-path exceptions, or max skew assignments found ;
; dato_rx[7]  ; No output delay, min/max delays, false-path exceptions, or max skew assignments found ;
+-------------+---------------------------------------------------------------------------------------+


+--------------------------+
; Timing Analyzer Messages ;
+--------------------------+
Info: *******************************************************************
Info: Running Quartus Prime Timing Analyzer
    Info: Version 18.1.0 Build 625 09/12/2018 SJ Lite Edition
    Info: Processing started: Thu Jul 20 11:27:08 2023
Info: Command: quartus_sta SPI_Choque -c SPI_Choque
Info: qsta_default_script.tcl version: #1
Warning (20013): Ignored 24 assignments for entity "SPI_Master" -- entity does not exist in design
    Warning (20014): Assignment for entity set_instance_assignment -name PARTITION_HIERARCHY root_partition -to | -entity SPI_Master -section_id Top was ignored
    Warning (20014): Assignment for entity set_global_assignment -name PARTITION_NETLIST_TYPE SOURCE -entity SPI_Master -section_id Top was ignored
    Warning (20014): Assignment for entity set_global_assignment -name PARTITION_FITTER_PRESERVATION_LEVEL PLACEMENT_AND_ROUTING -entity SPI_Master -section_id Top was ignored
    Warning (20014): Assignment for entity set_global_assignment -name PARTITION_PRESERVE_HIGH_SPEED_TILES ON -entity SPI_Master -section_id Top was ignored
    Warning (20014): Assignment for entity set_global_assignment -name PARTITION_IGNORE_SOURCE_FILE_CHANGES OFF -entity SPI_Master -section_id Top was ignored
    Warning (20014): Assignment for entity set_global_assignment -name PARTITION_ALWAYS_USE_QXP_NETLIST OFF -entity SPI_Master -section_id Top was ignored
    Warning (20014): Assignment for entity set_global_assignment -name PARTITION_COLOR 16764057 -entity SPI_Master -section_id Top was ignored
    Warning (20014): Assignment for entity set_global_assignment -name PARTITION_IMPORT_ASSIGNMENTS ON -entity SPI_Master -section_id Top was ignored
    Warning (20014): Assignment for entity set_global_assignment -name PARTITION_IMPORT_EXISTING_ASSIGNMENTS REPLACE_CONFLICTING -entity SPI_Master -section_id Top was ignored
    Warning (20014): Assignment for entity set_global_assignment -name PARTITION_IMPORT_EXISTING_LOGICLOCK_REGIONS UPDATE_CONFLICTING -entity SPI_Master -section_id Top was ignored
    Warning (20014): Assignment for entity set_global_assignment -name PARTITION_IMPORT_PIN_ASSIGNMENTS ON -entity SPI_Master -section_id Top was ignored
    Warning (20014): Assignment for entity set_global_assignment -name PARTITION_IMPORT_PROMOTE_ASSIGNMENTS ON -entity SPI_Master -section_id Top was ignored
    Warning (20014): Assignment for entity set_global_assignment -name PARTITION_TYPE STANDARD_PARTITION -entity SPI_Master -section_id Top was ignored
    Warning (20014): Assignment for entity set_global_assignment -name ALLOW_MULTIPLE_PERSONAS OFF -entity SPI_Master -section_id Top was ignored
    Warning (20014): Assignment for entity set_global_assignment -name PARTITION_ASD_REGION_ID 1 -entity SPI_Master -section_id Top was ignored
    Warning (20014): Assignment for entity set_global_assignment -name CROSS_BOUNDARY_OPTIMIZATIONS OFF -entity SPI_Master -section_id Top was ignored
    Warning (20014): Assignment for entity set_global_assignment -name PROPAGATE_CONSTANTS_ON_INPUTS ON -entity SPI_Master -section_id Top was ignored
    Warning (20014): Assignment for entity set_global_assignment -name PROPAGATE_INVERSIONS_ON_INPUTS ON -entity SPI_Master -section_id Top was ignored
    Warning (20014): Assignment for entity set_global_assignment -name REMOVE_LOGIC_ON_UNCONNECTED_OUTPUTS ON -entity SPI_Master -section_id Top was ignored
    Warning (20014): Assignment for entity set_global_assignment -name MERGE_EQUIVALENT_INPUTS ON -entity SPI_Master -section_id Top was ignored
    Warning (20014): Assignment for entity set_global_assignment -name MERGE_EQUIVALENT_BIDIRS ON -entity SPI_Master -section_id Top was ignored
    Warning (20014): Assignment for entity set_global_assignment -name ABSORB_PATHS_FROM_OUTPUTS_TO_INPUTS ON -entity SPI_Master -section_id Top was ignored
    Warning (20014): Assignment for entity set_global_assignment -name PARTITION_EXTRACT_HARD_BLOCK_NODES ON -entity SPI_Master -section_id Top was ignored
    Warning (20014): Assignment for entity set_global_assignment -name PARTITION_ENABLE_STRICT_PRESERVATION OFF -entity SPI_Master -section_id Top was ignored
Warning (18236): Number of processors has not been specified which may cause overloading on shared machines.  Set the global assignment NUM_PARALLEL_PROCESSORS in your QSF to an appropriate value for best performance.
Info (20030): Parallel compilation is enabled and will use 4 of the 4 processors detected
Info (21077): Low junction temperature is 0 degrees C
Info (21077): High junction temperature is 85 degrees C
Warning (335093): The Timing Analyzer is analyzing 19 combinational loops as latches. For more details, run the Check Timing command in the Timing Analyzer or view the "User-Specified and Inferred Latches" table in the Analysis & Synthesis report.
Critical Warning (332012): Synopsys Design Constraints File file not found: 'SPI_Choque.sdc'. A Synopsys Design Constraints File is required by the Timing Analyzer to get proper timing constraints. Without it, the Compiler will not properly optimize the design.
Info (332142): No user constrained base clocks found in the design. Calling "derive_clocks -period 1.0"
Info (332105): Deriving Clocks
    Info (332105): create_clock -period 1.000 -name clk clk
    Info (332105): create_clock -period 1.000 -name SPI_FSM:FSM|pr_state.fintx SPI_FSM:FSM|pr_state.fintx
    Info (332105): create_clock -period 1.000 -name divisor_frecuencia:DIVF|clk_out divisor_frecuencia:DIVF|clk_out
    Info (332105): create_clock -period 1.000 -name SPI_FSM:FSM|pr_state.b3 SPI_FSM:FSM|pr_state.b3
    Info (332105): create_clock -period 1.000 -name SPI_FSM:FSM|pr_state.b2 SPI_FSM:FSM|pr_state.b2
    Info (332105): create_clock -period 1.000 -name SPI_FSM:FSM|pr_state.b4 SPI_FSM:FSM|pr_state.b4
    Info (332105): create_clock -period 1.000 -name SPI_FSM:FSM|pr_state.b5 SPI_FSM:FSM|pr_state.b5
    Info (332105): create_clock -period 1.000 -name SPI_FSM:FSM|pr_state.b0 SPI_FSM:FSM|pr_state.b0
    Info (332105): create_clock -period 1.000 -name SPI_FSM:FSM|pr_state.b6 SPI_FSM:FSM|pr_state.b6
    Info (332105): create_clock -period 1.000 -name muestreador:REQUESTREAD|clk_out muestreador:REQUESTREAD|clk_out
    Info (332105): create_clock -period 1.000 -name SPI_FSM:FSM|pr_state.b1 SPI_FSM:FSM|pr_state.b1
    Info (332105): create_clock -period 1.000 -name SPI_FSM:FSM|pr_state.idle SPI_FSM:FSM|pr_state.idle
Info (332143): No user constrained clock uncertainty found in the design. Calling "derive_clock_uncertainty"
Info (332123): Deriving Clock Uncertainty. Please refer to report_sdc in the Timing Analyzer to see clock uncertainties.
Info: Found TIMING_ANALYZER_REPORT_SCRIPT_INCLUDE_DEFAULT_ANALYSIS = ON
Info: Analyzing Slow 1200mV 85C Model
Info: Can't run Report Timing Closure Recommendations. The current device family is not supported.
Critical Warning (332148): Timing requirements not met
Info (332146): Worst-case setup slack is -4.339
    Info (332119):     Slack       End Point TNS Clock 
    Info (332119): ========= =================== =====================
    Info (332119):    -4.339             -65.628 clk 
    Info (332119):    -2.886             -23.140 SPI_FSM:FSM|pr_state.fintx 
    Info (332119):    -1.556              -9.451 divisor_frecuencia:DIVF|clk_out 
    Info (332119):    -1.126              -1.126 SPI_FSM:FSM|pr_state.idle 
Info (332146): Worst-case hold slack is 0.356
    Info (332119):     Slack       End Point TNS Clock 
    Info (332119): ========= =================== =====================
    Info (332119):     0.356               0.000 clk 
    Info (332119):     0.638               0.000 SPI_FSM:FSM|pr_state.idle 
    Info (332119):     0.697               0.000 divisor_frecuencia:DIVF|clk_out 
    Info (332119):     1.437               0.000 SPI_FSM:FSM|pr_state.fintx 
Info (332140): No Recovery paths to report
Info (332140): No Removal paths to report
Info (332146): Worst-case minimum pulse width slack is -3.000
    Info (332119):     Slack       End Point TNS Clock 
    Info (332119): ========= =================== =====================
    Info (332119):    -3.000             -47.896 clk 
    Info (332119):    -1.403             -12.627 divisor_frecuencia:DIVF|clk_out 
    Info (332119):     0.353               0.000 SPI_FSM:FSM|pr_state.fintx 
    Info (332119):     0.382               0.000 muestreador:REQUESTREAD|clk_out 
    Info (332119):     0.409               0.000 SPI_FSM:FSM|pr_state.idle 
    Info (332119):     0.416               0.000 SPI_FSM:FSM|pr_state.b2 
    Info (332119):     0.426               0.000 SPI_FSM:FSM|pr_state.b5 
    Info (332119):     0.426               0.000 SPI_FSM:FSM|pr_state.b6 
    Info (332119):     0.479               0.000 SPI_FSM:FSM|pr_state.b0 
    Info (332119):     0.479               0.000 SPI_FSM:FSM|pr_state.b1 
    Info (332119):     0.479               0.000 SPI_FSM:FSM|pr_state.b3 
    Info (332119):     0.479               0.000 SPI_FSM:FSM|pr_state.b4 
Info: Analyzing Slow 1200mV 0C Model
Info (334003): Started post-fitting delay annotation
Info (334004): Delay annotation completed successfully
Info (332123): Deriving Clock Uncertainty. Please refer to report_sdc in the Timing Analyzer to see clock uncertainties.
Critical Warning (332148): Timing requirements not met
Info (332146): Worst-case setup slack is -3.990
    Info (332119):     Slack       End Point TNS Clock 
    Info (332119): ========= =================== =====================
    Info (332119):    -3.990             -57.646 clk 
    Info (332119):    -2.592             -21.237 SPI_FSM:FSM|pr_state.fintx 
    Info (332119):    -1.538              -9.624 divisor_frecuencia:DIVF|clk_out 
    Info (332119):    -0.938              -0.938 SPI_FSM:FSM|pr_state.idle 
Info (332146): Worst-case hold slack is 0.321
    Info (332119):     Slack       End Point TNS Clock 
    Info (332119): ========= =================== =====================
    Info (332119):     0.321               0.000 clk 
    Info (332119):     0.594               0.000 divisor_frecuencia:DIVF|clk_out 
    Info (332119):     0.597               0.000 SPI_FSM:FSM|pr_state.idle 
    Info (332119):     1.264               0.000 SPI_FSM:FSM|pr_state.fintx 
Info (332140): No Recovery paths to report
Info (332140): No Removal paths to report
Info (332146): Worst-case minimum pulse width slack is -3.000
    Info (332119):     Slack       End Point TNS Clock 
    Info (332119): ========= =================== =====================
    Info (332119):    -3.000             -47.896 clk 
    Info (332119):    -1.403             -12.627 divisor_frecuencia:DIVF|clk_out 
    Info (332119):     0.396               0.000 SPI_FSM:FSM|pr_state.fintx 
    Info (332119):     0.401               0.000 muestreador:REQUESTREAD|clk_out 
    Info (332119):     0.421               0.000 SPI_FSM:FSM|pr_state.b2 
    Info (332119):     0.423               0.000 SPI_FSM:FSM|pr_state.idle 
    Info (332119):     0.435               0.000 SPI_FSM:FSM|pr_state.b5 
    Info (332119):     0.435               0.000 SPI_FSM:FSM|pr_state.b6 
    Info (332119):     0.475               0.000 SPI_FSM:FSM|pr_state.b0 
    Info (332119):     0.475               0.000 SPI_FSM:FSM|pr_state.b1 
    Info (332119):     0.475               0.000 SPI_FSM:FSM|pr_state.b3 
    Info (332119):     0.475               0.000 SPI_FSM:FSM|pr_state.b4 
Info: Analyzing Fast 1200mV 0C Model
Info (332123): Deriving Clock Uncertainty. Please refer to report_sdc in the Timing Analyzer to see clock uncertainties.
Critical Warning (332148): Timing requirements not met
Info (332146): Worst-case setup slack is -1.436
    Info (332119):     Slack       End Point TNS Clock 
    Info (332119): ========= =================== =====================
    Info (332119):    -1.436             -10.616 clk 
    Info (332119):    -1.091              -6.243 SPI_FSM:FSM|pr_state.fintx 
    Info (332119):    -0.385              -0.500 divisor_frecuencia:DIVF|clk_out 
    Info (332119):    -0.236              -0.236 SPI_FSM:FSM|pr_state.idle 
Info (332146): Worst-case hold slack is 0.152
    Info (332119):     Slack       End Point TNS Clock 
    Info (332119): ========= =================== =====================
    Info (332119):     0.152               0.000 clk 
    Info (332119):     0.263               0.000 SPI_FSM:FSM|pr_state.idle 
    Info (332119):     0.281               0.000 divisor_frecuencia:DIVF|clk_out 
    Info (332119):     0.397               0.000 SPI_FSM:FSM|pr_state.fintx 
Info (332140): No Recovery paths to report
Info (332140): No Removal paths to report
Info (332146): Worst-case minimum pulse width slack is -3.000
    Info (332119):     Slack       End Point TNS Clock 
    Info (332119): ========= =================== =====================
    Info (332119):    -3.000             -36.011 clk 
    Info (332119):    -1.000              -9.000 divisor_frecuencia:DIVF|clk_out 
    Info (332119):     0.361               0.000 SPI_FSM:FSM|pr_state.fintx 
    Info (332119):     0.439               0.000 muestreador:REQUESTREAD|clk_out 
    Info (332119):     0.442               0.000 SPI_FSM:FSM|pr_state.idle 
    Info (332119):     0.461               0.000 SPI_FSM:FSM|pr_state.b2 
    Info (332119):     0.466               0.000 SPI_FSM:FSM|pr_state.b5 
    Info (332119):     0.466               0.000 SPI_FSM:FSM|pr_state.b6 
    Info (332119):     0.497               0.000 SPI_FSM:FSM|pr_state.b0 
    Info (332119):     0.497               0.000 SPI_FSM:FSM|pr_state.b1 
    Info (332119):     0.497               0.000 SPI_FSM:FSM|pr_state.b3 
    Info (332119):     0.497               0.000 SPI_FSM:FSM|pr_state.b4 
Info (332102): Design is not fully constrained for setup requirements
Info (332102): Design is not fully constrained for hold requirements
Info: Quartus Prime Timing Analyzer was successful. 0 errors, 31 warnings
    Info: Peak virtual memory: 4816 megabytes
    Info: Processing ended: Thu Jul 20 11:27:14 2023
    Info: Elapsed time: 00:00:06
    Info: Total CPU time (on all processors): 00:00:03


