Analysis & Synthesis report for SPI_Choque
Thu Jul 20 11:26:47 2023
Quartus Prime Version 18.1.0 Build 625 09/12/2018 SJ Lite Edition


---------------------
; Table of Contents ;
---------------------
  1. Legal Notice
  2. Analysis & Synthesis Summary
  3. Analysis & Synthesis Settings
  4. Parallel Compilation
  5. Analysis & Synthesis Source Files Read
  6. Analysis & Synthesis Resource Usage Summary
  7. Analysis & Synthesis Resource Utilization by Entity
  8. State Machine - |SPI_Choque|SPI_FSM:FSM|pr_state
  9. User-Specified and Inferred Latches
 10. Registers Removed During Synthesis
 11. General Register Statistics
 12. Post-Synthesis Netlist Statistics for Top Partition
 13. Elapsed Time Per Partition
 14. Analysis & Synthesis Messages



----------------
; Legal Notice ;
----------------
Copyright (C) 2018  Intel Corporation. All rights reserved.
Your use of Intel Corporation's design tools, logic functions 
and other software and tools, and its AMPP partner logic 
functions, and any output files from any of the foregoing 
(including device programming or simulation files), and any 
associated documentation or information are expressly subject 
to the terms and conditions of the Intel Program License 
Subscription Agreement, the Intel Quartus Prime License Agreement,
the Intel FPGA IP License Agreement, or other applicable license
agreement, including, without limitation, that your use is for
the sole purpose of programming logic devices manufactured by
Intel and sold by Intel or its authorized distributors.  Please
refer to the applicable agreement for further details.



+----------------------------------------------------------------------------------+
; Analysis & Synthesis Summary                                                     ;
+------------------------------------+---------------------------------------------+
; Analysis & Synthesis Status        ; Successful - Thu Jul 20 11:26:47 2023       ;
; Quartus Prime Version              ; 18.1.0 Build 625 09/12/2018 SJ Lite Edition ;
; Revision Name                      ; SPI_Choque                                  ;
; Top-level Entity Name              ; SPI_Choque                                  ;
; Family                             ; MAX 10                                      ;
; Total logic elements               ; 96                                          ;
;     Total combinational functions  ; 89                                          ;
;     Dedicated logic registers      ; 41                                          ;
; Total registers                    ; 41                                          ;
; Total pins                         ; 15                                          ;
; Total virtual pins                 ; 0                                           ;
; Total memory bits                  ; 0                                           ;
; Embedded Multiplier 9-bit elements ; 0                                           ;
; Total PLLs                         ; 0                                           ;
; UFM blocks                         ; 0                                           ;
; ADC blocks                         ; 0                                           ;
+------------------------------------+---------------------------------------------+


+------------------------------------------------------------------------------------------------------------+
; Analysis & Synthesis Settings                                                                              ;
+------------------------------------------------------------------+--------------------+--------------------+
; Option                                                           ; Setting            ; Default Value      ;
+------------------------------------------------------------------+--------------------+--------------------+
; Device                                                           ; 10M50DAF484C7G     ;                    ;
; Top-level entity name                                            ; SPI_Choque         ; SPI_Choque         ;
; Family name                                                      ; MAX 10             ; Cyclone V          ;
; Use smart compilation                                            ; Off                ; Off                ;
; Enable parallel Assembler and Timing Analyzer during compilation ; On                 ; On                 ;
; Enable compact report table                                      ; Off                ; Off                ;
; Restructure Multiplexers                                         ; Auto               ; Auto               ;
; Create Debugging Nodes for IP Cores                              ; Off                ; Off                ;
; Preserve fewer node names                                        ; On                 ; On                 ;
; Intel FPGA IP Evaluation Mode                                    ; Enable             ; Enable             ;
; Verilog Version                                                  ; Verilog_2001       ; Verilog_2001       ;
; VHDL Version                                                     ; VHDL_1993          ; VHDL_1993          ;
; State Machine Processing                                         ; Auto               ; Auto               ;
; Safe State Machine                                               ; Off                ; Off                ;
; Extract Verilog State Machines                                   ; On                 ; On                 ;
; Extract VHDL State Machines                                      ; On                 ; On                 ;
; Ignore Verilog initial constructs                                ; Off                ; Off                ;
; Iteration limit for constant Verilog loops                       ; 5000               ; 5000               ;
; Iteration limit for non-constant Verilog loops                   ; 250                ; 250                ;
; Add Pass-Through Logic to Inferred RAMs                          ; On                 ; On                 ;
; Infer RAMs from Raw Logic                                        ; On                 ; On                 ;
; Parallel Synthesis                                               ; On                 ; On                 ;
; DSP Block Balancing                                              ; Auto               ; Auto               ;
; NOT Gate Push-Back                                               ; On                 ; On                 ;
; Power-Up Don't Care                                              ; On                 ; On                 ;
; Remove Redundant Logic Cells                                     ; Off                ; Off                ;
; Remove Duplicate Registers                                       ; On                 ; On                 ;
; Ignore CARRY Buffers                                             ; Off                ; Off                ;
; Ignore CASCADE Buffers                                           ; Off                ; Off                ;
; Ignore GLOBAL Buffers                                            ; Off                ; Off                ;
; Ignore ROW GLOBAL Buffers                                        ; Off                ; Off                ;
; Ignore LCELL Buffers                                             ; Off                ; Off                ;
; Ignore SOFT Buffers                                              ; On                 ; On                 ;
; Limit AHDL Integers to 32 Bits                                   ; Off                ; Off                ;
; Optimization Technique                                           ; Balanced           ; Balanced           ;
; Carry Chain Length                                               ; 70                 ; 70                 ;
; Auto Carry Chains                                                ; On                 ; On                 ;
; Auto Open-Drain Pins                                             ; On                 ; On                 ;
; Perform WYSIWYG Primitive Resynthesis                            ; Off                ; Off                ;
; Auto ROM Replacement                                             ; On                 ; On                 ;
; Auto RAM Replacement                                             ; On                 ; On                 ;
; Auto DSP Block Replacement                                       ; On                 ; On                 ;
; Auto Shift Register Replacement                                  ; Auto               ; Auto               ;
; Allow Shift Register Merging across Hierarchies                  ; Auto               ; Auto               ;
; Auto Clock Enable Replacement                                    ; On                 ; On                 ;
; Strict RAM Replacement                                           ; Off                ; Off                ;
; Allow Synchronous Control Signals                                ; On                 ; On                 ;
; Force Use of Synchronous Clear Signals                           ; Off                ; Off                ;
; Auto RAM Block Balancing                                         ; On                 ; On                 ;
; Auto RAM to Logic Cell Conversion                                ; Off                ; Off                ;
; Auto Resource Sharing                                            ; Off                ; Off                ;
; Allow Any RAM Size For Recognition                               ; Off                ; Off                ;
; Allow Any ROM Size For Recognition                               ; Off                ; Off                ;
; Allow Any Shift Register Size For Recognition                    ; Off                ; Off                ;
; Use LogicLock Constraints during Resource Balancing              ; On                 ; On                 ;
; Ignore translate_off and synthesis_off directives                ; Off                ; Off                ;
; Timing-Driven Synthesis                                          ; On                 ; On                 ;
; Report Parameter Settings                                        ; On                 ; On                 ;
; Report Source Assignments                                        ; On                 ; On                 ;
; Report Connectivity Checks                                       ; On                 ; On                 ;
; Ignore Maximum Fan-Out Assignments                               ; Off                ; Off                ;
; Synchronization Register Chain Length                            ; 2                  ; 2                  ;
; Power Optimization During Synthesis                              ; Normal compilation ; Normal compilation ;
; HDL message level                                                ; Level2             ; Level2             ;
; Suppress Register Optimization Related Messages                  ; Off                ; Off                ;
; Number of Removed Registers Reported in Synthesis Report         ; 5000               ; 5000               ;
; Number of Swept Nodes Reported in Synthesis Report               ; 5000               ; 5000               ;
; Number of Inverted Registers Reported in Synthesis Report        ; 100                ; 100                ;
; Clock MUX Protection                                             ; On                 ; On                 ;
; Auto Gated Clock Conversion                                      ; Off                ; Off                ;
; Block Design Naming                                              ; Auto               ; Auto               ;
; SDC constraint protection                                        ; Off                ; Off                ;
; Synthesis Effort                                                 ; Auto               ; Auto               ;
; Shift Register Replacement - Allow Asynchronous Clear Signal     ; On                 ; On                 ;
; Pre-Mapping Resynthesis Optimization                             ; Off                ; Off                ;
; Analysis & Synthesis Message Level                               ; Medium             ; Medium             ;
; Disable Register Merging Across Hierarchies                      ; Auto               ; Auto               ;
; Resource Aware Inference For Block RAM                           ; On                 ; On                 ;
+------------------------------------------------------------------+--------------------+--------------------+


+------------------------------------------+
; Parallel Compilation                     ;
+----------------------------+-------------+
; Processors                 ; Number      ;
+----------------------------+-------------+
; Number detected on machine ; 4           ;
; Maximum allowed            ; 4           ;
;                            ;             ;
; Average used               ; 1.00        ;
; Maximum used               ; 4           ;
;                            ;             ;
; Usage by Processor         ; % Time Used ;
;     Processor 1            ; 100.0%      ;
;     Processor 2            ;   0.0%      ;
;     Processors 3-4         ;   0.0%      ;
+----------------------------+-------------+


+-------------------------------------------------------------------------------------------------------------------------------------------+
; Analysis & Synthesis Source Files Read                                                                                                    ;
+----------------------------------+-----------------+-----------------+----------------------------------------------------------+---------+
; File Name with User-Entered Path ; Used in Netlist ; File Type       ; File Name with Absolute Path                             ; Library ;
+----------------------------------+-----------------+-----------------+----------------------------------------------------------+---------+
; SPI_Choque.vhd                   ; yes             ; User VHDL File  ; D:/intelFPGA_lite/18.1/SPI_Choque/SPI_Choque.vhd         ;         ;
; SPI_FSM.vhd                      ; yes             ; User VHDL File  ; D:/intelFPGA_lite/18.1/SPI_Choque/SPI_FSM.vhd            ;         ;
; muestreador.vhd                  ; yes             ; User VHDL File  ; D:/intelFPGA_lite/18.1/SPI_Choque/muestreador.vhd        ;         ;
; divisor_frecuencia.vhd           ; yes             ; User VHDL File  ; D:/intelFPGA_lite/18.1/SPI_Choque/divisor_frecuencia.vhd ;         ;
+----------------------------------+-----------------+-----------------+----------------------------------------------------------+---------+


+---------------------------------------------------------+
; Analysis & Synthesis Resource Usage Summary             ;
+---------------------------------------------+-----------+
; Resource                                    ; Usage     ;
+---------------------------------------------+-----------+
; Estimated Total logic elements              ; 96        ;
;                                             ;           ;
; Total combinational functions               ; 89        ;
; Logic element usage by number of LUT inputs ;           ;
;     -- 4 input functions                    ; 23        ;
;     -- 3 input functions                    ; 25        ;
;     -- <=2 input functions                  ; 41        ;
;                                             ;           ;
; Logic elements by mode                      ;           ;
;     -- normal mode                          ; 60        ;
;     -- arithmetic mode                      ; 29        ;
;                                             ;           ;
; Total registers                             ; 41        ;
;     -- Dedicated logic registers            ; 41        ;
;     -- I/O registers                        ; 0         ;
;                                             ;           ;
; I/O pins                                    ; 15        ;
;                                             ;           ;
; Embedded Multiplier 9-bit elements          ; 0         ;
;                                             ;           ;
; Maximum fan-out node                        ; clk~input ;
; Maximum fan-out                             ; 32        ;
; Total fan-out                               ; 366       ;
; Average fan-out                             ; 2.29      ;
+---------------------------------------------+-----------+


+-------------------------------------------------------------------------------------------------------------------------------------------------------------------------------------------------------------------------------------------------------------+
; Analysis & Synthesis Resource Utilization by Entity                                                                                                                                                                                                         ;
+------------------------------+---------------------+---------------------------+-------------+------------+--------------+---------+-----------+------+--------------+------------+-------------------------------------+--------------------+--------------+
; Compilation Hierarchy Node   ; Combinational ALUTs ; Dedicated Logic Registers ; Memory Bits ; UFM Blocks ; DSP Elements ; DSP 9x9 ; DSP 18x18 ; Pins ; Virtual Pins ; ADC blocks ; Full Hierarchy Name                 ; Entity Name        ; Library Name ;
+------------------------------+---------------------+---------------------------+-------------+------------+--------------+---------+-----------+------+--------------+------------+-------------------------------------+--------------------+--------------+
; |SPI_Choque                  ; 89 (2)              ; 41 (0)                    ; 0           ; 0          ; 0            ; 0       ; 0         ; 15   ; 0            ; 0          ; |SPI_Choque                         ; SPI_Choque         ; work         ;
;    |SPI_FSM:FSM|             ; 24 (24)             ; 9 (9)                     ; 0           ; 0          ; 0            ; 0       ; 0         ; 0    ; 0            ; 0          ; |SPI_Choque|SPI_FSM:FSM             ; SPI_FSM            ; work         ;
;    |divisor_frecuencia:DIVF| ; 21 (21)             ; 10 (10)                   ; 0           ; 0          ; 0            ; 0       ; 0         ; 0    ; 0            ; 0          ; |SPI_Choque|divisor_frecuencia:DIVF ; divisor_frecuencia ; work         ;
;    |muestreador:REQUESTREAD| ; 42 (42)             ; 22 (22)                   ; 0           ; 0          ; 0            ; 0       ; 0         ; 0    ; 0            ; 0          ; |SPI_Choque|muestreador:REQUESTREAD ; muestreador        ; work         ;
+------------------------------+---------------------+---------------------------+-------------+------------+--------------+---------+-----------+------+--------------+------------+-------------------------------------+--------------------+--------------+
Note: For table entries with two numbers listed, the numbers in parentheses indicate the number of resources of the given type used by the specific entity alone. The numbers listed outside of parentheses indicate the total resources of the given type used by the specific entity and all of its sub-entities in the hierarchy.


Encoding Type:  One-Hot
+----------------------------------------------------------------------------------------------------------------------------------------------------------------------------------+
; State Machine - |SPI_Choque|SPI_FSM:FSM|pr_state                                                                                                                                 ;
+----------------+----------------+-------------+-------------+-------------+-------------+-------------+-------------+-------------+-------------+----------------+---------------+
; Name           ; pr_state.fintx ; pr_state.b0 ; pr_state.b1 ; pr_state.b2 ; pr_state.b3 ; pr_state.b4 ; pr_state.b5 ; pr_state.b6 ; pr_state.b7 ; pr_state.ready ; pr_state.idle ;
+----------------+----------------+-------------+-------------+-------------+-------------+-------------+-------------+-------------+-------------+----------------+---------------+
; pr_state.idle  ; 0              ; 0           ; 0           ; 0           ; 0           ; 0           ; 0           ; 0           ; 0           ; 0              ; 0             ;
; pr_state.ready ; 0              ; 0           ; 0           ; 0           ; 0           ; 0           ; 0           ; 0           ; 0           ; 1              ; 1             ;
; pr_state.b7    ; 0              ; 0           ; 0           ; 0           ; 0           ; 0           ; 0           ; 0           ; 1           ; 0              ; 1             ;
; pr_state.b6    ; 0              ; 0           ; 0           ; 0           ; 0           ; 0           ; 0           ; 1           ; 0           ; 0              ; 1             ;
; pr_state.b5    ; 0              ; 0           ; 0           ; 0           ; 0           ; 0           ; 1           ; 0           ; 0           ; 0              ; 1             ;
; pr_state.b4    ; 0              ; 0           ; 0           ; 0           ; 0           ; 1           ; 0           ; 0           ; 0           ; 0              ; 1             ;
; pr_state.b3    ; 0              ; 0           ; 0           ; 0           ; 1           ; 0           ; 0           ; 0           ; 0           ; 0              ; 1             ;
; pr_state.b2    ; 0              ; 0           ; 0           ; 1           ; 0           ; 0           ; 0           ; 0           ; 0           ; 0              ; 1             ;
; pr_state.b1    ; 0              ; 0           ; 1           ; 0           ; 0           ; 0           ; 0           ; 0           ; 0           ; 0              ; 1             ;
; pr_state.b0    ; 0              ; 1           ; 0           ; 0           ; 0           ; 0           ; 0           ; 0           ; 0           ; 0              ; 1             ;
; pr_state.fintx ; 1              ; 0           ; 0           ; 0           ; 0           ; 0           ; 0           ; 0           ; 0           ; 0              ; 1             ;
+----------------+----------------+-------------+-------------+-------------+-------------+-------------+-------------+-------------+-------------+----------------+---------------+


+-----------------------------------------------------------------------------------------------------------+
; User-Specified and Inferred Latches                                                                       ;
+-----------------------------------------------------+----------------------------+------------------------+
; Latch Name                                          ; Latch Enable Signal        ; Free of Timing Hazards ;
+-----------------------------------------------------+----------------------------+------------------------+
; SPI_FSM:FSM|s_cs                                    ; SPI_FSM:FSM|pr_state.idle  ; yes                    ;
; SPI_FSM:FSM|dato_rx[6]                              ; SPI_FSM:FSM|pr_state.fintx ; yes                    ;
; SPI_FSM:FSM|dato_rx[5]                              ; SPI_FSM:FSM|pr_state.fintx ; yes                    ;
; SPI_FSM:FSM|dato_rx[0]                              ; SPI_FSM:FSM|pr_state.fintx ; yes                    ;
; SPI_FSM:FSM|dato_rx[7]                              ; SPI_FSM:FSM|pr_state.fintx ; yes                    ;
; SPI_FSM:FSM|dato_rx[4]                              ; SPI_FSM:FSM|pr_state.fintx ; yes                    ;
; SPI_FSM:FSM|dato_rx[3]                              ; SPI_FSM:FSM|pr_state.fintx ; yes                    ;
; SPI_FSM:FSM|dato_rx[2]                              ; SPI_FSM:FSM|pr_state.fintx ; yes                    ;
; SPI_FSM:FSM|dato_rx[1]                              ; SPI_FSM:FSM|pr_state.fintx ; yes                    ;
; SPI_FSM:FSM|MOSI$latch                              ; SPI_FSM:FSM|pr_state.fintx ; yes                    ;
; SPI_FSM:FSM|MOSI_274                                ; SPI_FSM:FSM|pr_state.fintx ; yes                    ;
; SPI_FSM:FSM|dato[6]                                 ; SPI_FSM:FSM|pr_state.b6    ; yes                    ;
; SPI_FSM:FSM|dato[5]                                 ; SPI_FSM:FSM|pr_state.b5    ; yes                    ;
; SPI_FSM:FSM|dato[0]                                 ; SPI_FSM:FSM|pr_state.b0    ; yes                    ;
; SPI_FSM:FSM|dato[7]                                 ; SPI_FSM:FSM|Selector1      ; yes                    ;
; SPI_FSM:FSM|dato[4]                                 ; SPI_FSM:FSM|pr_state.b4    ; yes                    ;
; SPI_FSM:FSM|dato[3]                                 ; SPI_FSM:FSM|pr_state.b3    ; yes                    ;
; SPI_FSM:FSM|dato[2]                                 ; SPI_FSM:FSM|pr_state.b2    ; yes                    ;
; SPI_FSM:FSM|dato[1]                                 ; SPI_FSM:FSM|pr_state.b1    ; yes                    ;
; Number of user-specified and inferred latches = 19  ;                            ;                        ;
+-----------------------------------------------------+----------------------------+------------------------+
Note: All latches listed above may not be present at the end of synthesis due to various synthesis optimizations.


+--------------------------------------------------------------------------------------+
; Registers Removed During Synthesis                                                   ;
+---------------------------------------+----------------------------------------------+
; Register name                         ; Reason for Removal                           ;
+---------------------------------------+----------------------------------------------+
; SPI_FSM:FSM|pr_state.ready            ; Lost fanout                                  ;
; SPI_FSM:FSM|pr_state.b7               ; Lost fanout                                  ;
; muestreador:REQUESTREAD|count[0]      ; Merged with divisor_frecuencia:DIVF|count[0] ;
; muestreador:REQUESTREAD|count[1]      ; Merged with divisor_frecuencia:DIVF|count[1] ;
; Total Number of Removed Registers = 4 ;                                              ;
+---------------------------------------+----------------------------------------------+


+------------------------------------------------------+
; General Register Statistics                          ;
+----------------------------------------------+-------+
; Statistic                                    ; Value ;
+----------------------------------------------+-------+
; Total registers                              ; 41    ;
; Number of registers using Synchronous Clear  ; 0     ;
; Number of registers using Synchronous Load   ; 0     ;
; Number of registers using Asynchronous Clear ; 9     ;
; Number of registers using Asynchronous Load  ; 0     ;
; Number of registers using Clock Enable       ; 0     ;
; Number of registers using Preset             ; 0     ;
+----------------------------------------------+-------+


+-----------------------------------------------------+
; Post-Synthesis Netlist Statistics for Top Partition ;
+-----------------------+-----------------------------+
; Type                  ; Count                       ;
+-----------------------+-----------------------------+
; boundary_port         ; 15                          ;
; cycloneiii_ff         ; 41                          ;
;     CLR               ; 9                           ;
;     plain             ; 32                          ;
; cycloneiii_io_obuf    ; 1                           ;
; cycloneiii_lcell_comb ; 89                          ;
;     arith             ; 29                          ;
;         2 data inputs ; 28                          ;
;         3 data inputs ; 1                           ;
;     normal            ; 60                          ;
;         1 data inputs ; 2                           ;
;         2 data inputs ; 11                          ;
;         3 data inputs ; 24                          ;
;         4 data inputs ; 23                          ;
;                       ;                             ;
; Max LUT depth         ; 4.10                        ;
; Average LUT depth     ; 2.57                        ;
+-----------------------+-----------------------------+


+-------------------------------+
; Elapsed Time Per Partition    ;
+----------------+--------------+
; Partition Name ; Elapsed Time ;
+----------------+--------------+
; Top            ; 00:00:00     ;
+----------------+--------------+


+-------------------------------+
; Analysis & Synthesis Messages ;
+-------------------------------+
Info: *******************************************************************
Info: Running Quartus Prime Analysis & Synthesis
    Info: Version 18.1.0 Build 625 09/12/2018 SJ Lite Edition
    Info: Processing started: Thu Jul 20 11:26:33 2023
Info: Command: quartus_map --read_settings_files=on --write_settings_files=off SPI_Choque -c SPI_Choque
Warning (18236): Number of processors has not been specified which may cause overloading on shared machines.  Set the global assignment NUM_PARALLEL_PROCESSORS in your QSF to an appropriate value for best performance.
Info (20030): Parallel compilation is enabled and will use 4 of the 4 processors detected
Info (12021): Found 2 design units, including 1 entities, in source file spi_choque.vhd
    Info (12022): Found design unit 1: SPI_Choque-Behavioral File: D:/intelFPGA_lite/18.1/SPI_Choque/SPI_Choque.vhd Line: 14
    Info (12023): Found entity 1: SPI_Choque File: D:/intelFPGA_lite/18.1/SPI_Choque/SPI_Choque.vhd Line: 6
Info (12021): Found 2 design units, including 1 entities, in source file spi_fsm.vhd
    Info (12022): Found design unit 1: SPI_FSM-Behavioral File: D:/intelFPGA_lite/18.1/SPI_Choque/SPI_FSM.vhd Line: 12
    Info (12023): Found entity 1: SPI_FSM File: D:/intelFPGA_lite/18.1/SPI_Choque/SPI_FSM.vhd Line: 5
Info (12021): Found 2 design units, including 1 entities, in source file muestreador.vhd
    Info (12022): Found design unit 1: muestreador-Behavioral File: D:/intelFPGA_lite/18.1/SPI_Choque/muestreador.vhd Line: 11
    Info (12023): Found entity 1: muestreador File: D:/intelFPGA_lite/18.1/SPI_Choque/muestreador.vhd Line: 5
Info (12021): Found 2 design units, including 1 entities, in source file divisor_frecuencia.vhd
    Info (12022): Found design unit 1: divisor_frecuencia-Behavioral File: D:/intelFPGA_lite/18.1/SPI_Choque/divisor_frecuencia.vhd Line: 11
    Info (12023): Found entity 1: divisor_frecuencia File: D:/intelFPGA_lite/18.1/SPI_Choque/divisor_frecuencia.vhd Line: 5
Info (12127): Elaborating entity "SPI_Choque" for the top level hierarchy
Info (12128): Elaborating entity "SPI_FSM" for hierarchy "SPI_FSM:FSM" File: D:/intelFPGA_lite/18.1/SPI_Choque/SPI_Choque.vhd Line: 40
Warning (10540): VHDL Signal Declaration warning at SPI_FSM.vhd(16): used explicit default value for signal "instr_leer" because signal was never assigned a value File: D:/intelFPGA_lite/18.1/SPI_Choque/SPI_FSM.vhd Line: 16
Warning (10631): VHDL Process Statement warning at SPI_FSM.vhd(34): inferring latch(es) for signal or variable "MOSI", which holds its previous value in one or more paths through the process File: D:/intelFPGA_lite/18.1/SPI_Choque/SPI_FSM.vhd Line: 34
Warning (10631): VHDL Process Statement warning at SPI_FSM.vhd(34): inferring latch(es) for signal or variable "s_cs", which holds its previous value in one or more paths through the process File: D:/intelFPGA_lite/18.1/SPI_Choque/SPI_FSM.vhd Line: 34
Warning (10631): VHDL Process Statement warning at SPI_FSM.vhd(34): inferring latch(es) for signal or variable "dato", which holds its previous value in one or more paths through the process File: D:/intelFPGA_lite/18.1/SPI_Choque/SPI_FSM.vhd Line: 34
Warning (10631): VHDL Process Statement warning at SPI_FSM.vhd(34): inferring latch(es) for signal or variable "dato_rx", which holds its previous value in one or more paths through the process File: D:/intelFPGA_lite/18.1/SPI_Choque/SPI_FSM.vhd Line: 34
Info (10041): Inferred latch for "dato_rx[0]" at SPI_FSM.vhd(34) File: D:/intelFPGA_lite/18.1/SPI_Choque/SPI_FSM.vhd Line: 34
Info (10041): Inferred latch for "dato_rx[1]" at SPI_FSM.vhd(34) File: D:/intelFPGA_lite/18.1/SPI_Choque/SPI_FSM.vhd Line: 34
Info (10041): Inferred latch for "dato_rx[2]" at SPI_FSM.vhd(34) File: D:/intelFPGA_lite/18.1/SPI_Choque/SPI_FSM.vhd Line: 34
Info (10041): Inferred latch for "dato_rx[3]" at SPI_FSM.vhd(34) File: D:/intelFPGA_lite/18.1/SPI_Choque/SPI_FSM.vhd Line: 34
Info (10041): Inferred latch for "dato_rx[4]" at SPI_FSM.vhd(34) File: D:/intelFPGA_lite/18.1/SPI_Choque/SPI_FSM.vhd Line: 34
Info (10041): Inferred latch for "dato_rx[5]" at SPI_FSM.vhd(34) File: D:/intelFPGA_lite/18.1/SPI_Choque/SPI_FSM.vhd Line: 34
Info (10041): Inferred latch for "dato_rx[6]" at SPI_FSM.vhd(34) File: D:/intelFPGA_lite/18.1/SPI_Choque/SPI_FSM.vhd Line: 34
Info (10041): Inferred latch for "dato_rx[7]" at SPI_FSM.vhd(34) File: D:/intelFPGA_lite/18.1/SPI_Choque/SPI_FSM.vhd Line: 34
Info (10041): Inferred latch for "dato[0]" at SPI_FSM.vhd(34) File: D:/intelFPGA_lite/18.1/SPI_Choque/SPI_FSM.vhd Line: 34
Info (10041): Inferred latch for "dato[1]" at SPI_FSM.vhd(34) File: D:/intelFPGA_lite/18.1/SPI_Choque/SPI_FSM.vhd Line: 34
Info (10041): Inferred latch for "dato[2]" at SPI_FSM.vhd(34) File: D:/intelFPGA_lite/18.1/SPI_Choque/SPI_FSM.vhd Line: 34
Info (10041): Inferred latch for "dato[3]" at SPI_FSM.vhd(34) File: D:/intelFPGA_lite/18.1/SPI_Choque/SPI_FSM.vhd Line: 34
Info (10041): Inferred latch for "dato[4]" at SPI_FSM.vhd(34) File: D:/intelFPGA_lite/18.1/SPI_Choque/SPI_FSM.vhd Line: 34
Info (10041): Inferred latch for "dato[5]" at SPI_FSM.vhd(34) File: D:/intelFPGA_lite/18.1/SPI_Choque/SPI_FSM.vhd Line: 34
Info (10041): Inferred latch for "dato[6]" at SPI_FSM.vhd(34) File: D:/intelFPGA_lite/18.1/SPI_Choque/SPI_FSM.vhd Line: 34
Info (10041): Inferred latch for "dato[7]" at SPI_FSM.vhd(34) File: D:/intelFPGA_lite/18.1/SPI_Choque/SPI_FSM.vhd Line: 34
Info (10041): Inferred latch for "s_cs" at SPI_FSM.vhd(34) File: D:/intelFPGA_lite/18.1/SPI_Choque/SPI_FSM.vhd Line: 34
Info (10041): Inferred latch for "MOSI" at SPI_FSM.vhd(34) File: D:/intelFPGA_lite/18.1/SPI_Choque/SPI_FSM.vhd Line: 34
Info (12128): Elaborating entity "divisor_frecuencia" for hierarchy "divisor_frecuencia:DIVF" File: D:/intelFPGA_lite/18.1/SPI_Choque/SPI_Choque.vhd Line: 43
Info (12128): Elaborating entity "muestreador" for hierarchy "muestreador:REQUESTREAD" File: D:/intelFPGA_lite/18.1/SPI_Choque/SPI_Choque.vhd Line: 46
Info (286030): Timing-Driven Synthesis is running
Info (17049): 2 registers lost all their fanouts during netlist optimizations.
Warning (20013): Ignored 24 assignments for entity "SPI_Master" -- entity does not exist in design
    Warning (20014): Assignment for entity set_instance_assignment -name PARTITION_HIERARCHY root_partition -to | -entity SPI_Master -section_id Top was ignored
    Warning (20014): Assignment for entity set_global_assignment -name PARTITION_NETLIST_TYPE SOURCE -entity SPI_Master -section_id Top was ignored
    Warning (20014): Assignment for entity set_global_assignment -name PARTITION_FITTER_PRESERVATION_LEVEL PLACEMENT_AND_ROUTING -entity SPI_Master -section_id Top was ignored
    Warning (20014): Assignment for entity set_global_assignment -name PARTITION_PRESERVE_HIGH_SPEED_TILES ON -entity SPI_Master -section_id Top was ignored
    Warning (20014): Assignment for entity set_global_assignment -name PARTITION_IGNORE_SOURCE_FILE_CHANGES OFF -entity SPI_Master -section_id Top was ignored
    Warning (20014): Assignment for entity set_global_assignment -name PARTITION_ALWAYS_USE_QXP_NETLIST OFF -entity SPI_Master -section_id Top was ignored
    Warning (20014): Assignment for entity set_global_assignment -name PARTITION_COLOR 16764057 -entity SPI_Master -section_id Top was ignored
    Warning (20014): Assignment for entity set_global_assignment -name PARTITION_IMPORT_ASSIGNMENTS ON -entity SPI_Master -section_id Top was ignored
    Warning (20014): Assignment for entity set_global_assignment -name PARTITION_IMPORT_EXISTING_ASSIGNMENTS REPLACE_CONFLICTING -entity SPI_Master -section_id Top was ignored
    Warning (20014): Assignment for entity set_global_assignment -name PARTITION_IMPORT_EXISTING_LOGICLOCK_REGIONS UPDATE_CONFLICTING -entity SPI_Master -section_id Top was ignored
    Warning (20014): Assignment for entity set_global_assignment -name PARTITION_IMPORT_PIN_ASSIGNMENTS ON -entity SPI_Master -section_id Top was ignored
    Warning (20014): Assignment for entity set_global_assignment -name PARTITION_IMPORT_PROMOTE_ASSIGNMENTS ON -entity SPI_Master -section_id Top was ignored
    Warning (20014): Assignment for entity set_global_assignment -name PARTITION_TYPE STANDARD_PARTITION -entity SPI_Master -section_id Top was ignored
    Warning (20014): Assignment for entity set_global_assignment -name ALLOW_MULTIPLE_PERSONAS OFF -entity SPI_Master -section_id Top was ignored
    Warning (20014): Assignment for entity set_global_assignment -name PARTITION_ASD_REGION_ID 1 -entity SPI_Master -section_id Top was ignored
    Warning (20014): Assignment for entity set_global_assignment -name CROSS_BOUNDARY_OPTIMIZATIONS OFF -entity SPI_Master -section_id Top was ignored
    Warning (20014): Assignment for entity set_global_assignment -name PROPAGATE_CONSTANTS_ON_INPUTS ON -entity SPI_Master -section_id Top was ignored
    Warning (20014): Assignment for entity set_global_assignment -name PROPAGATE_INVERSIONS_ON_INPUTS ON -entity SPI_Master -section_id Top was ignored
    Warning (20014): Assignment for entity set_global_assignment -name REMOVE_LOGIC_ON_UNCONNECTED_OUTPUTS ON -entity SPI_Master -section_id Top was ignored
    Warning (20014): Assignment for entity set_global_assignment -name MERGE_EQUIVALENT_INPUTS ON -entity SPI_Master -section_id Top was ignored
    Warning (20014): Assignment for entity set_global_assignment -name MERGE_EQUIVALENT_BIDIRS ON -entity SPI_Master -section_id Top was ignored
    Warning (20014): Assignment for entity set_global_assignment -name ABSORB_PATHS_FROM_OUTPUTS_TO_INPUTS ON -entity SPI_Master -section_id Top was ignored
    Warning (20014): Assignment for entity set_global_assignment -name PARTITION_EXTRACT_HARD_BLOCK_NODES ON -entity SPI_Master -section_id Top was ignored
    Warning (20014): Assignment for entity set_global_assignment -name PARTITION_ENABLE_STRICT_PRESERVATION OFF -entity SPI_Master -section_id Top was ignored
Info (16010): Generating hard_block partition "hard_block:auto_generated_inst"
    Info (16011): Adding 0 node(s), including 0 DDIO, 0 PLL, 0 transceiver and 0 LCELL
Info (21057): Implemented 112 device resources after synthesis - the final resource count might be different
    Info (21058): Implemented 3 input pins
    Info (21059): Implemented 12 output pins
    Info (21061): Implemented 97 logic cells
Info: Quartus Prime Analysis & Synthesis was successful. 0 errors, 31 warnings
    Info: Peak virtual memory: 4786 megabytes
    Info: Processing ended: Thu Jul 20 11:26:47 2023
    Info: Elapsed time: 00:00:14
    Info: Total CPU time (on all processors): 00:00:27


